Started GET "/" for ::1 at 2020-10-08 16:36:51 -0700
DEPRECATION WARNING: ActiveRecord::Base.raise_in_transactional_callbacks= is deprecated, has no effect and will be removed without replacement. (called from block (3 levels) in <class:Railtie> at /Users/carlosgarciajr/.rbenv/versions/2.5.1/lib/ruby/gems/2.5.0/gems/activerecord-5.0.7.2/lib/active_record/railtie.rb:113)
Processing by StaticPagesController#index as HTML
  Rendering static_pages/index.html.erb within layouts/application
  Rendered shared/_main_nav.html.erb (0.3ms)
  Rendered shared/_masthead.html.erb (0.2ms)
  Rendered shared/_sections_nav.html.erb (0.2ms)
  Rendered shared/_search_modal.html.erb (0.2ms)
  Rendered shared/_main_content.html.erb (0.2ms)
  Rendered static_pages/index.html.erb within layouts/application (15.2ms)
Completed 200 OK in 362ms (Views: 358.9ms | ActiveRecord: 0.0ms)


Started GET "/assets/application.self-5e5b219656abf8c4e83f7dfd5e5f4f415d8fe2348d16620303a4ed96d1b5a144.css?body=1" for ::1 at 2020-10-08 16:36:52 -0700
Started GET "/" for ::1 at 2020-10-08 16:36:53 -0700
Processing by StaticPagesController#index as HTML
  Rendering static_pages/index.html.erb within layouts/application
  Rendered shared/_main_nav.html.erb (0.2ms)
  Rendered shared/_masthead.html.erb (0.2ms)
  Rendered shared/_sections_nav.html.erb (0.2ms)
  Rendered shared/_search_modal.html.erb (0.2ms)
  Rendered shared/_main_content.html.erb (0.1ms)
  Rendered static_pages/index.html.erb within layouts/application (13.2ms)
Completed 200 OK in 29ms (Views: 26.9ms | ActiveRecord: 0.0ms)


Started GET "/" for ::1 at 2020-10-08 16:37:17 -0700
Processing by StaticPagesController#index as HTML
  Rendering static_pages/index.html.erb within layouts/application
  Rendered shared/_main_nav.html.erb (0.2ms)
  Rendered shared/_masthead.html.erb (0.2ms)
  Rendered shared/_sections_nav.html.erb (0.2ms)
  Rendered shared/_search_modal.html.erb (0.2ms)
  Rendered shared/_main_content.html.erb (0.2ms)
  Rendered static_pages/index.html.erb within layouts/application (14.6ms)
Completed 200 OK in 35ms (Views: 31.8ms | ActiveRecord: 0.0ms)


Started GET "/" for ::1 at 2020-10-08 16:37:20 -0700
Processing by StaticPagesController#index as HTML
  Rendering static_pages/index.html.erb within layouts/application
  Rendered shared/_main_nav.html.erb (0.2ms)
  Rendered shared/_masthead.html.erb (0.2ms)
  Rendered shared/_sections_nav.html.erb (0.2ms)
  Rendered shared/_search_modal.html.erb (0.2ms)
  Rendered shared/_main_content.html.erb (0.2ms)
  Rendered static_pages/index.html.erb within layouts/application (12.8ms)
Completed 200 OK in 30ms (Views: 27.7ms | ActiveRecord: 0.0ms)


Started GET "/" for ::1 at 2020-10-09 09:59:50 -0700
DEPRECATION WARNING: ActiveRecord::Base.raise_in_transactional_callbacks= is deprecated, has no effect and will be removed without replacement. (called from block (3 levels) in <class:Railtie> at /Users/carlosgarciajr/.rbenv/versions/2.5.1/lib/ruby/gems/2.5.0/gems/activerecord-5.0.7.2/lib/active_record/railtie.rb:113)
Processing by StaticPagesController#index as HTML
  Rendering static_pages/index.html.erb within layouts/application
  Rendered shared/_main_nav.html.erb (0.3ms)
  Rendered shared/_masthead.html.erb (0.2ms)
  Rendered shared/_sections_nav.html.erb (0.2ms)
  Rendered shared/_search_modal.html.erb (0.2ms)
  Rendered shared/_main_content.html.erb (0.2ms)
  Rendered static_pages/index.html.erb within layouts/application (15.4ms)
Completed 200 OK in 353ms (Views: 350.1ms | ActiveRecord: 0.0ms)


Started GET "/assets/application.self-7aae4f884d21c0f895d0e25909b4a3857ca3f7bdd4412baf28bf32a8b1f558b1.css?body=1" for ::1 at 2020-10-09 09:59:51 -0700
Started GET "/" for ::1 at 2020-10-09 10:00:16 -0700
Processing by StaticPagesController#index as HTML
  Rendering static_pages/index.html.erb within layouts/application
  Rendered shared/_main_nav.html.erb (0.2ms)
  Rendered shared/_masthead.html.erb (0.2ms)
  Rendered shared/_sections_nav.html.erb (0.1ms)
  Rendered shared/_search_modal.html.erb (0.2ms)
  Rendered shared/_main_content.html.erb (0.4ms)
  Rendered static_pages/index.html.erb within layouts/application (12.9ms)
Completed 200 OK in 34ms (Views: 30.5ms | ActiveRecord: 0.0ms)


Started GET "/assets/new_office.jpg" for ::1 at 2020-10-09 10:00:16 -0700
Started GET "/" for ::1 at 2020-10-09 10:03:51 -0700
Processing by StaticPagesController#index as HTML
  Rendering static_pages/index.html.erb within layouts/application
  Rendered shared/_main_nav.html.erb (0.2ms)
  Rendered shared/_masthead.html.erb (0.2ms)
  Rendered shared/_sections_nav.html.erb (0.3ms)
  Rendered shared/_search_modal.html.erb (0.2ms)
  Rendered shared/_main_content.html.erb (0.3ms)
  Rendered static_pages/index.html.erb within layouts/application (13.1ms)
Completed 200 OK in 109ms (Views: 104.9ms | ActiveRecord: 0.0ms)


Started GET "/assets/application.self-e229079662ba64eec2df88cc9898f07a6b5005419aa37c928d3d684a6d58d3e4.css?body=1" for ::1 at 2020-10-09 10:03:51 -0700
Started GET "/assets/new_office.jpg" for ::1 at 2020-10-09 10:03:51 -0700
Started GET "/" for ::1 at 2020-10-12 13:48:14 -0700
DEPRECATION WARNING: ActiveRecord::Base.raise_in_transactional_callbacks= is deprecated, has no effect and will be removed without replacement. (called from block (3 levels) in <class:Railtie> at /Users/carlosgarciajr/.rbenv/versions/2.5.1/lib/ruby/gems/2.5.0/gems/activerecord-5.0.7.2/lib/active_record/railtie.rb:113)
Processing by StaticPagesController#index as HTML
  Rendering static_pages/index.html.erb within layouts/application
  Rendered shared/_main_nav.html.erb (0.2ms)
  Rendered shared/_masthead.html.erb (0.1ms)
  Rendered shared/_sections_nav.html.erb (0.1ms)
  Rendered shared/_search_modal.html.erb (0.2ms)
  Rendered shared/_main_content.html.erb (0.3ms)
  Rendered static_pages/index.html.erb within layouts/application (14.5ms)
Completed 500 Internal Server Error in 194ms (ActiveRecord: 0.0ms)



Sass::SyntaxError - File to import not found or unreadable: base/grid.scss.
Load paths:
  /Users/carlosgarciajr/Documents/programming/app_academy_work/curriculum/html-css/projects/aa_times/skeleton/app/assets/images
  /Users/carlosgarciajr/Documents/programming/app_academy_work/curriculum/html-css/projects/aa_times/skeleton/app/assets/javascripts
  /Users/carlosgarciajr/Documents/programming/app_academy_work/curriculum/html-css/projects/aa_times/skeleton/app/assets/stylesheets
  /Users/carlosgarciajr/Documents/programming/app_academy_work/curriculum/html-css/projects/aa_times/skeleton/vendor/assets/javascripts
  /Users/carlosgarciajr/Documents/programming/app_academy_work/curriculum/html-css/projects/aa_times/skeleton/vendor/assets/stylesheets
  /Users/carlosgarciajr/.rbenv/versions/2.5.1/lib/ruby/gems/2.5.0/gems/jquery-rails-4.4.0/vendor/assets/javascripts
  /Users/carlosgarciajr/.rbenv/versions/2.5.1/lib/ruby/gems/2.5.0/gems/coffee-rails-4.2.2/lib/assets/javascripts
  /Users/carlosgarciajr/.rbenv/versions/2.5.1/lib/ruby/gems/2.5.0/gems/actioncable-5.0.7.2/lib/assets/compiled:
  app/views/layouts/application.html.erb:7:in `_app_views_layouts_application_html_erb___270333905406359367_70279989431840'

Started POST "/__better_errors/927a171e4587d656/variables" for ::1 at 2020-10-12 13:48:14 -0700
Started GET "/" for ::1 at 2020-10-12 13:48:41 -0700
Processing by StaticPagesController#index as HTML
  Rendering static_pages/index.html.erb within layouts/application
  Rendered shared/_main_nav.html.erb (0.2ms)
  Rendered shared/_masthead.html.erb (0.1ms)
  Rendered shared/_sections_nav.html.erb (0.3ms)
  Rendered shared/_search_modal.html.erb (0.3ms)
  Rendered shared/_main_content.html.erb (0.2ms)
  Rendered static_pages/index.html.erb within layouts/application (12.8ms)
Completed 200 OK in 110ms (Views: 107.4ms | ActiveRecord: 0.0ms)


Started GET "/assets/application.self-1237ad35a9ee79bd64030d4638d1fd80f6734c490eb538e0dd01d7af3c16bf40.css?body=1" for ::1 at 2020-10-12 13:48:41 -0700
Started GET "/" for ::1 at 2020-10-12 13:48:43 -0700
Processing by StaticPagesController#index as HTML
  Rendering static_pages/index.html.erb within layouts/application
  Rendered shared/_main_nav.html.erb (0.2ms)
  Rendered shared/_masthead.html.erb (0.2ms)
  Rendered shared/_sections_nav.html.erb (0.2ms)
  Rendered shared/_search_modal.html.erb (0.2ms)
  Rendered shared/_main_content.html.erb (0.2ms)
  Rendered static_pages/index.html.erb within layouts/application (13.1ms)
Completed 200 OK in 33ms (Views: 29.9ms | ActiveRecord: 0.0ms)


Started GET "/" for ::1 at 2020-10-12 13:55:52 -0700
DEPRECATION WARNING: ActiveRecord::Base.raise_in_transactional_callbacks= is deprecated, has no effect and will be removed without replacement. (called from block (3 levels) in <class:Railtie> at /Users/carlosgarciajr/.rbenv/versions/2.5.1/lib/ruby/gems/2.5.0/gems/activerecord-5.0.7.2/lib/active_record/railtie.rb:113)
Processing by StaticPagesController#index as HTML
  Rendering static_pages/index.html.erb within layouts/application
  Rendered shared/_main_nav.html.erb (0.2ms)
  Rendered shared/_masthead.html.erb (0.1ms)
  Rendered shared/_sections_nav.html.erb (0.3ms)
  Rendered shared/_search_modal.html.erb (0.2ms)
  Rendered shared/_main_content.html.erb (0.3ms)
  Rendered static_pages/index.html.erb within layouts/application (14.6ms)
Completed 200 OK in 257ms (Views: 254.8ms | ActiveRecord: 0.0ms)


Started GET "/assets/application.self-758afe40c177e32f890a8b8e23f11571b5d1785af915c0789bd6a19191afc6ab.css?body=1" for ::1 at 2020-10-12 13:55:52 -0700
Started GET "/assets/new_office.jpg" for ::1 at 2020-10-12 13:55:52 -0700
Started GET "/" for ::1 at 2020-10-12 13:56:32 -0700
Processing by StaticPagesController#index as HTML
  Rendering static_pages/index.html.erb within layouts/application
  Rendered shared/_main_nav.html.erb (0.1ms)
  Rendered shared/_masthead.html.erb (0.2ms)
  Rendered shared/_sections_nav.html.erb (0.1ms)
  Rendered shared/_search_modal.html.erb (0.3ms)
  Rendered shared/_main_content.html.erb (0.3ms)
  Rendered static_pages/index.html.erb within layouts/application (12.3ms)
Completed 200 OK in 75ms (Views: 72.8ms | ActiveRecord: 0.0ms)


Started GET "/assets/application.self-e229079662ba64eec2df88cc9898f07a6b5005419aa37c928d3d684a6d58d3e4.css?body=1" for ::1 at 2020-10-12 13:56:32 -0700
Started GET "/assets/new_office.jpg" for ::1 at 2020-10-12 13:56:32 -0700
Started GET "/" for ::1 at 2020-10-12 13:56:33 -0700
Processing by StaticPagesController#index as HTML
  Rendering static_pages/index.html.erb within layouts/application
  Rendered shared/_main_nav.html.erb (0.2ms)
  Rendered shared/_masthead.html.erb (0.2ms)
  Rendered shared/_sections_nav.html.erb (0.2ms)
  Rendered shared/_search_modal.html.erb (0.2ms)
  Rendered shared/_main_content.html.erb (0.2ms)
  Rendered static_pages/index.html.erb within layouts/application (12.9ms)
Completed 200 OK in 34ms (Views: 31.3ms | ActiveRecord: 0.0ms)


Started GET "/assets/new_office.jpg" for ::1 at 2020-10-12 13:56:33 -0700
Started GET "/" for ::1 at 2020-10-12 13:57:15 -0700
Processing by StaticPagesController#index as HTML
  Rendering static_pages/index.html.erb within layouts/application
  Rendered shared/_main_nav.html.erb (0.2ms)
  Rendered shared/_masthead.html.erb (0.2ms)
  Rendered shared/_sections_nav.html.erb (0.2ms)
  Rendered shared/_search_modal.html.erb (0.2ms)
  Rendered shared/_main_content.html.erb (0.3ms)
  Rendered static_pages/index.html.erb within layouts/application (12.6ms)
Completed 200 OK in 92ms (Views: 88.2ms | ActiveRecord: 0.0ms)


Started GET "/assets/application.self-7aae4f884d21c0f895d0e25909b4a3857ca3f7bdd4412baf28bf32a8b1f558b1.css?body=1" for ::1 at 2020-10-12 13:57:15 -0700
Started GET "/assets/new_office.jpg" for ::1 at 2020-10-12 13:57:15 -0700
Started GET "/" for ::1 at 2021-07-29 13:50:13 -0400
DEPRECATION WARNING: ActiveRecord::Base.raise_in_transactional_callbacks= is deprecated, has no effect and will be removed without replacement. (called from block (3 levels) in <class:Railtie> at /home/deep_biswas/.rbenv/versions/2.5.1/lib/ruby/gems/2.5.0/gems/activerecord-5.0.7.2/lib/active_record/railtie.rb:113)
Processing by StaticPagesController#index as HTML
  Rendering static_pages/index.html.erb within layouts/application
  Rendered shared/_main_nav.html.erb (0.5ms)
  Rendered shared/_masthead.html.erb (0.4ms)
  Rendered shared/_sections_nav.html.erb (0.3ms)
  Rendered shared/_search_modal.html.erb (0.4ms)
  Rendered shared/_main_content.html.erb (0.4ms)
  Rendered static_pages/index.html.erb within layouts/application (660.6ms)
Completed 200 OK in 11003ms (Views: 10850.2ms | ActiveRecord: 0.0ms)


Started GET "/assets/jquery_ujs.self-784a997f6726036b1993eb2217c9cb558e1cbb801c6da88105588c56f13b466a.js?body=1" for ::1 at 2021-07-29 13:50:26 -0400
Started GET "/assets/components/sidebar.self-2a1277f850a6fa21e1a974ef5152f177ac05516477d5081d593bb137b3d6808b.js?body=1" for ::1 at 2021-07-29 13:50:26 -0400
Started GET "/assets/jquery.self-bd7ddd393353a8d2480a622e80342adf488fb6006d667e8b42e4c0073393abee.js?body=1" for ::1 at 2021-07-29 13:50:26 -0400
Started GET "/assets/application.self-f70ff640c5aa389d78e75a9cc674faea72e3e309c574e87f4114fb5ef021345c.css?body=1" for ::1 at 2021-07-29 13:50:26 -0400
Started GET "/assets/components/modal.self-52188644dbb47def5ee35ae02e69eb567ca9b664472357a8a5789dd39032a265.js?body=1" for ::1 at 2021-07-29 13:50:26 -0400
Started GET "/assets/application.self-f571b9db02bf4ed04c38a6a29072ac382f7d4f47db1fab9817aeadb0d8665235.js?body=1" for ::1 at 2021-07-29 13:50:26 -0400
Started GET "/" for ::1 at 2021-07-29 14:22:41 -0400
Processing by StaticPagesController#index as HTML
  Rendering static_pages/index.html.erb within layouts/application
  Rendered shared/_main_nav.html.erb (1.2ms)
  Rendered shared/_masthead.html.erb (1.0ms)
  Rendered shared/_sections_nav.html.erb (9.4ms)
  Rendered shared/_search_modal.html.erb (6.4ms)
  Rendered shared/_main_content.html.erb (0.5ms)
  Rendered static_pages/index.html.erb within layouts/application (996.0ms)
Completed 200 OK in 9151ms (Views: 8470.3ms | ActiveRecord: 0.0ms)


Started GET "/assets/application.self-8e0565561108dd2e7f6ec5c52e5bbb1e7edff6f77a3e571d5d9a8e77bdaa6bdb.css?body=1" for ::1 at 2021-07-29 14:22:51 -0400
Started GET "/" for ::1 at 2021-07-29 14:26:45 -0400
Processing by StaticPagesController#index as HTML
  Rendering static_pages/index.html.erb within layouts/application
  Rendered shared/_main_nav.html.erb (1.5ms)
  Rendered shared/_masthead.html.erb (0.5ms)
  Rendered shared/_sections_nav.html.erb (0.8ms)
  Rendered shared/_search_modal.html.erb (0.6ms)
  Rendered shared/_main_content.html.erb (0.6ms)
  Rendered static_pages/index.html.erb within layouts/application (730.6ms)
Completed 200 OK in 3894ms (Views: 3590.9ms | ActiveRecord: 0.0ms)


Started GET "/" for ::1 at 2021-07-29 14:28:04 -0400
Processing by StaticPagesController#index as HTML
  Rendering static_pages/index.html.erb within layouts/application
  Rendered shared/_main_nav.html.erb (0.5ms)
  Rendered shared/_masthead.html.erb (0.4ms)
  Rendered shared/_sections_nav.html.erb (1.0ms)
  Rendered shared/_search_modal.html.erb (0.3ms)
  Rendered shared/_main_content.html.erb (1.3ms)
  Rendered static_pages/index.html.erb within layouts/application (657.6ms)
Completed 200 OK in 1906ms (Views: 1777.9ms | ActiveRecord: 0.0ms)


Started GET "/" for ::1 at 2021-07-29 14:29:21 -0400
Processing by StaticPagesController#index as HTML
  Rendering static_pages/index.html.erb within layouts/application
  Rendered shared/_main_nav.html.erb (0.7ms)
  Rendered shared/_masthead.html.erb (1.4ms)
  Rendered shared/_sections_nav.html.erb (1.0ms)
  Rendered shared/_search_modal.html.erb (0.6ms)
  Rendered shared/_main_content.html.erb (0.5ms)
  Rendered static_pages/index.html.erb within layouts/application (809.3ms)
Completed 500 Internal Server Error in 3282ms (ActiveRecord: 0.0ms)



ActionView::MissingTemplate - Missing partial static_pages/_main_nav, application/_main_nav with {:locale=>[:en], :formats=>[:html], :variants=>[], :handlers=>[:raw, :erb, :html, :builder, :ruby, :coffee, :jbuilder]}. Searched in:
  * "/mnt/c/Users/Deep Biswas/Desktop/AppAcademy/Homeworks/Week 7/w7D4/skeleton/app/views":
  app/views/layouts/application.html.erb:26:in `_app_views_layouts_application_html_erb___2124511475715952283_70105995926440'

Started POST "/__better_errors/c161e6ccbcb71894/variables" for ::1 at 2021-07-29 14:29:26 -0400
Started GET "/" for ::1 at 2021-07-29 14:29:45 -0400
Processing by StaticPagesController#index as HTML
  Rendering static_pages/index.html.erb within layouts/application
  Rendered shared/_main_nav.html.erb (0.7ms)
  Rendered shared/_masthead.html.erb (0.4ms)
  Rendered shared/_sections_nav.html.erb (0.6ms)
  Rendered shared/_search_modal.html.erb (0.8ms)
  Rendered shared/_main_content.html.erb (0.4ms)
  Rendered static_pages/index.html.erb within layouts/application (701.2ms)
Completed 500 Internal Server Error in 2398ms (ActiveRecord: 0.0ms)



ActionView::MissingTemplate - Missing partial static_pages/_main_nav, application/_main_nav with {:locale=>[:en], :formats=>[:html], :variants=>[], :handlers=>[:raw, :erb, :html, :builder, :ruby, :coffee, :jbuilder]}. Searched in:
  * "/mnt/c/Users/Deep Biswas/Desktop/AppAcademy/Homeworks/Week 7/w7D4/skeleton/app/views":
  app/views/layouts/application.html.erb:26:in `_app_views_layouts_application_html_erb___2124511475715952283_70106000228020'

Started POST "/__better_errors/de3c0d57c2015238/variables" for ::1 at 2021-07-29 14:29:49 -0400
Started GET "/" for ::1 at 2021-07-29 14:30:00 -0400
Processing by StaticPagesController#index as HTML
  Rendering static_pages/index.html.erb within layouts/application
  Rendered shared/_main_nav.html.erb (0.4ms)
  Rendered shared/_masthead.html.erb (0.7ms)
  Rendered shared/_sections_nav.html.erb (0.6ms)
  Rendered shared/_search_modal.html.erb (0.5ms)
  Rendered shared/_main_content.html.erb (0.4ms)
  Rendered static_pages/index.html.erb within layouts/application (821.3ms)
Completed 500 Internal Server Error in 3719ms (ActiveRecord: 0.0ms)



ActionView::MissingTemplate - Missing partial static_pages/__main_nav, application/__main_nav with {:locale=>[:en], :formats=>[:html], :variants=>[], :handlers=>[:raw, :erb, :html, :builder, :ruby, :coffee, :jbuilder]}. Searched in:
  * "/mnt/c/Users/Deep Biswas/Desktop/AppAcademy/Homeworks/Week 7/w7D4/skeleton/app/views":
  app/views/layouts/application.html.erb:26:in `_app_views_layouts_application_html_erb___2124511475715952283_70106014548320'

Started POST "/__better_errors/ee37ba530f11affa/variables" for ::1 at 2021-07-29 14:30:06 -0400
Started GET "/" for ::1 at 2021-07-29 14:30:27 -0400
Processing by StaticPagesController#index as HTML
  Rendering static_pages/index.html.erb within layouts/application
  Rendered shared/_main_nav.html.erb (0.5ms)
  Rendered shared/_masthead.html.erb (0.3ms)
  Rendered shared/_sections_nav.html.erb (0.4ms)
  Rendered shared/_search_modal.html.erb (0.6ms)
  Rendered shared/_main_content.html.erb (0.5ms)
  Rendered static_pages/index.html.erb within layouts/application (719.7ms)
Completed 500 Internal Server Error in 3041ms (ActiveRecord: 0.0ms)



ActionView::MissingTemplate - Missing partial static_pages/__main_nav.html.erb, application/__main_nav.html.erb with {:locale=>[:en], :formats=>[:html], :variants=>[], :handlers=>[:raw, :erb, :html, :builder, :ruby, :coffee, :jbuilder]}. Searched in:
  * "/mnt/c/Users/Deep Biswas/Desktop/AppAcademy/Homeworks/Week 7/w7D4/skeleton/app/views":
  app/views/layouts/application.html.erb:26:in `_app_views_layouts_application_html_erb___2124511475715952283_70105989544600'

Started POST "/__better_errors/dae5779ca06de7bf/variables" for ::1 at 2021-07-29 14:30:31 -0400
Started GET "/" for ::1 at 2021-07-29 14:30:41 -0400
Processing by StaticPagesController#index as HTML
  Rendering static_pages/index.html.erb within layouts/application
  Rendered shared/_main_nav.html.erb (1.7ms)
  Rendered shared/_masthead.html.erb (0.8ms)
  Rendered shared/_sections_nav.html.erb (0.4ms)
  Rendered shared/_search_modal.html.erb (0.7ms)
  Rendered shared/_main_content.html.erb (0.3ms)
  Rendered static_pages/index.html.erb within layouts/application (581.3ms)
Completed 500 Internal Server Error in 1965ms (ActiveRecord: 0.0ms)



ActionView::MissingTemplate - Missing partial static_pages/__main_nav.html.erb, application/__main_nav.html.erb with {:locale=>[:en], :formats=>[:html], :variants=>[], :handlers=>[:raw, :erb, :html, :builder, :ruby, :coffee, :jbuilder]}. Searched in:
  * "/mnt/c/Users/Deep Biswas/Desktop/AppAcademy/Homeworks/Week 7/w7D4/skeleton/app/views":
  app/views/layouts/application.html.erb:26:in `_app_views_layouts_application_html_erb___2124511475715952283_70105985533540'

Started POST "/__better_errors/ef92dbe9f0db6c82/variables" for ::1 at 2021-07-29 14:30:45 -0400
Started GET "/" for ::1 at 2021-07-29 14:32:18 -0400
Processing by StaticPagesController#index as HTML
  Rendering static_pages/index.html.erb within layouts/application
  Rendered shared/_main_nav.html.erb (1.6ms)
  Rendered shared/_masthead.html.erb (0.6ms)
  Rendered shared/_sections_nav.html.erb (0.6ms)
  Rendered shared/_search_modal.html.erb (0.4ms)
  Rendered shared/_main_content.html.erb (2.7ms)
  Rendered static_pages/index.html.erb within layouts/application (1653.8ms)
  Rendered shared/_main_nav.html.erb (0.1ms)
Completed 200 OK in 3384ms (Views: 3050.0ms | ActiveRecord: 0.0ms)


Started GET "/" for ::1 at 2021-07-29 14:33:13 -0400
Processing by StaticPagesController#index as HTML
  Rendering static_pages/index.html.erb within layouts/application
  Rendered shared/_main_nav.html.erb (0.5ms)
  Rendered shared/_masthead.html.erb (0.4ms)
  Rendered shared/_sections_nav.html.erb (0.5ms)
  Rendered shared/_search_modal.html.erb (0.4ms)
  Rendered shared/_main_content.html.erb (0.4ms)
  Rendered static_pages/index.html.erb within layouts/application (704.8ms)
Completed 500 Internal Server Error in 2028ms (ActiveRecord: 0.0ms)



ActionView::MissingTemplate - Missing partial static_pages/_index, application/_index with {:locale=>[:en], :formats=>[:html], :variants=>[], :handlers=>[:raw, :erb, :html, :builder, :ruby, :coffee, :jbuilder]}. Searched in:
  * "/mnt/c/Users/Deep Biswas/Desktop/AppAcademy/Homeworks/Week 7/w7D4/skeleton/app/views":
  app/views/layouts/application.html.erb:27:in `_app_views_layouts_application_html_erb___2124511475715952283_70105995525400'

Started POST "/__better_errors/194c0c02491958c3/variables" for ::1 at 2021-07-29 14:33:17 -0400
Started GET "/" for ::1 at 2021-07-29 14:33:52 -0400
Processing by StaticPagesController#index as HTML
  Rendering static_pages/index.html.erb within layouts/application
  Rendered shared/_main_nav.html.erb (0.5ms)
  Rendered shared/_masthead.html.erb (0.4ms)
  Rendered shared/_sections_nav.html.erb (0.4ms)
  Rendered shared/_search_modal.html.erb (0.3ms)
  Rendered shared/_main_content.html.erb (0.4ms)
  Rendered static_pages/index.html.erb within layouts/application (546.7ms)
Completed 200 OK in 1838ms (Views: 1566.4ms | ActiveRecord: 0.0ms)


Started GET "/" for ::1 at 2021-07-29 14:34:13 -0400
Processing by StaticPagesController#index as HTML
  Rendering static_pages/index.html.erb within layouts/application
  Rendered shared/_masthead.html.erb (0.7ms)
  Rendered shared/_sections_nav.html.erb (0.4ms)
  Rendered shared/_search_modal.html.erb (1.4ms)
  Rendered shared/_main_content.html.erb (0.4ms)
  Rendered static_pages/index.html.erb within layouts/application (565.2ms)
Completed 200 OK in 1804ms (Views: 1652.7ms | ActiveRecord: 0.0ms)


Started GET "/" for ::1 at 2021-07-29 14:35:03 -0400
Processing by StaticPagesController#index as HTML
  Rendering static_pages/index.html.erb within layouts/application
  Rendered shared/_main_nav.html.erb (0.5ms)
  Rendered shared/_masthead.html.erb (1.0ms)
  Rendered shared/_sections_nav.html.erb (0.4ms)
  Rendered shared/_search_modal.html.erb (0.3ms)
  Rendered shared/_main_content.html.erb (0.5ms)
  Rendered static_pages/index.html.erb within layouts/application (608.1ms)
Completed 200 OK in 1817ms (Views: 1656.4ms | ActiveRecord: 0.0ms)


Started GET "/" for ::1 at 2021-07-29 14:40:19 -0400
Processing by StaticPagesController#index as HTML
  Rendering static_pages/index.html.erb within layouts/application
  Rendered shared/_main_nav.html.erb (3.4ms)
  Rendered shared/_masthead.html.erb (0.7ms)
  Rendered shared/_sections_nav.html.erb (0.4ms)
  Rendered shared/_search_modal.html.erb (1.2ms)
  Rendered shared/_main_content.html.erb (0.4ms)
  Rendered static_pages/index.html.erb within layouts/application (1449.1ms)
Completed 200 OK in 2646ms (Views: 2472.5ms | ActiveRecord: 0.0ms)


Started GET "/" for ::1 at 2021-07-29 14:40:31 -0400
Processing by StaticPagesController#index as HTML
  Rendering static_pages/index.html.erb within layouts/application
  Rendered shared/_main_nav.html.erb (1.0ms)
  Rendered shared/_masthead.html.erb (0.5ms)
  Rendered shared/_sections_nav.html.erb (0.6ms)
  Rendered shared/_search_modal.html.erb (0.6ms)
  Rendered shared/_main_content.html.erb (0.4ms)
  Rendered static_pages/index.html.erb within layouts/application (691.2ms)
Completed 200 OK in 1828ms (Views: 1694.9ms | ActiveRecord: 0.0ms)


Started GET "/" for ::1 at 2021-07-29 14:41:54 -0400
Processing by StaticPagesController#index as HTML
  Rendering static_pages/index.html.erb within layouts/application
  Rendered shared/_main_nav.html.erb (0.6ms)
  Rendered shared/_masthead.html.erb (0.4ms)
  Rendered shared/_sections_nav.html.erb (0.4ms)
  Rendered shared/_search_modal.html.erb (0.4ms)
  Rendered shared/_main_content.html.erb (0.4ms)
  Rendered static_pages/index.html.erb within layouts/application (664.1ms)
Completed 200 OK in 1888ms (Views: 1680.5ms | ActiveRecord: 0.0ms)


Started GET "/" for ::1 at 2021-07-29 14:43:28 -0400
Processing by StaticPagesController#index as HTML
  Rendering static_pages/index.html.erb within layouts/application
  Rendered shared/_main_nav.html.erb (0.4ms)
  Rendered shared/_masthead.html.erb (0.7ms)
  Rendered shared/_sections_nav.html.erb (1.0ms)
  Rendered shared/_search_modal.html.erb (0.5ms)
  Rendered shared/_main_content.html.erb (0.6ms)
  Rendered static_pages/index.html.erb within layouts/application (823.2ms)
Completed 200 OK in 2049ms (Views: 1916.8ms | ActiveRecord: 0.0ms)


Started GET "/" for ::1 at 2021-07-29 14:44:58 -0400
Processing by StaticPagesController#index as HTML
  Rendering static_pages/index.html.erb within layouts/application
  Rendered shared/_main_nav.html.erb (0.4ms)
  Rendered shared/_masthead.html.erb (0.3ms)
  Rendered shared/_sections_nav.html.erb (0.4ms)
  Rendered shared/_search_modal.html.erb (0.4ms)
  Rendered shared/_main_content.html.erb (0.7ms)
  Rendered static_pages/index.html.erb within layouts/application (808.4ms)
Completed 200 OK in 2163ms (Views: 1970.0ms | ActiveRecord: 0.0ms)


Started GET "/" for ::1 at 2021-07-29 14:46:43 -0400
Processing by StaticPagesController#index as HTML
  Rendering static_pages/index.html.erb within layouts/application
  Rendered shared/_main_nav.html.erb (0.4ms)
  Rendered shared/_masthead.html.erb (0.5ms)
  Rendered shared/_sections_nav.html.erb (1.1ms)
  Rendered shared/_search_modal.html.erb (0.3ms)
  Rendered shared/_main_content.html.erb (0.7ms)
  Rendered static_pages/index.html.erb within layouts/application (796.1ms)
Completed 200 OK in 2443ms (Views: 2041.6ms | ActiveRecord: 0.0ms)


Started GET "/cats" for ::1 at 2021-07-29 14:56:17 -0400
DEPRECATION WARNING: ActiveRecord::Base.raise_in_transactional_callbacks= is deprecated, has no effect and will be removed without replacement. (called from block (3 levels) in <class:Railtie> at /Users/davidwoolner/.rbenv/versions/2.5.1/lib/ruby/gems/2.5.0/gems/activerecord-5.0.7.2/lib/active_record/railtie.rb:113)
  
ActionController::RoutingError (No route matches [GET] "/cats"):
  
actionpack (5.0.7.2) lib/action_dispatch/middleware/debug_exceptions.rb:53:in `call'
web-console (3.7.0) lib/web_console/middleware.rb:135:in `call_app'
web-console (3.7.0) lib/web_console/middleware.rb:30:in `block in call'
web-console (3.7.0) lib/web_console/middleware.rb:20:in `catch'
web-console (3.7.0) lib/web_console/middleware.rb:20:in `call'
actionpack (5.0.7.2) lib/action_dispatch/middleware/show_exceptions.rb:31:in `call'
railties (5.0.7.2) lib/rails/rack/logger.rb:36:in `call_app'
railties (5.0.7.2) lib/rails/rack/logger.rb:24:in `block in call'
activesupport (5.0.7.2) lib/active_support/tagged_logging.rb:69:in `block in tagged'
activesupport (5.0.7.2) lib/active_support/tagged_logging.rb:26:in `tagged'
activesupport (5.0.7.2) lib/active_support/tagged_logging.rb:69:in `tagged'
railties (5.0.7.2) lib/rails/rack/logger.rb:24:in `call'
actionpack (5.0.7.2) lib/action_dispatch/middleware/request_id.rb:24:in `call'
rack (2.2.3) lib/rack/method_override.rb:24:in `call'
rack (2.2.3) lib/rack/runtime.rb:22:in `call'
activesupport (5.0.7.2) lib/active_support/cache/strategy/local_cache_middleware.rb:28:in `call'
actionpack (5.0.7.2) lib/action_dispatch/middleware/executor.rb:12:in `call'
rack-livereload (0.3.17) lib/rack/livereload.rb:23:in `_call'
rack-livereload (0.3.17) lib/rack/livereload.rb:14:in `call'
actionpack (5.0.7.2) lib/action_dispatch/middleware/static.rb:136:in `call'
rack (2.2.3) lib/rack/sendfile.rb:110:in `call'
railties (5.0.7.2) lib/rails/engine.rb:522:in `call'
puma (3.12.6) lib/puma/configuration.rb:227:in `call'
puma (3.12.6) lib/puma/server.rb:706:in `handle_request'
puma (3.12.6) lib/puma/server.rb:476:in `process_client'
puma (3.12.6) lib/puma/server.rb:334:in `block in run'
puma (3.12.6) lib/puma/thread_pool.rb:135:in `block in spawn_thread'
  Rendering /Users/davidwoolner/.rbenv/versions/2.5.1/lib/ruby/gems/2.5.0/gems/actionpack-5.0.7.2/lib/action_dispatch/middleware/templates/rescues/routing_error.html.erb within rescues/layout
  Rendering /Users/davidwoolner/.rbenv/versions/2.5.1/lib/ruby/gems/2.5.0/gems/actionpack-5.0.7.2/lib/action_dispatch/middleware/templates/rescues/_trace.html.erb
  Rendered /Users/davidwoolner/.rbenv/versions/2.5.1/lib/ruby/gems/2.5.0/gems/actionpack-5.0.7.2/lib/action_dispatch/middleware/templates/rescues/_trace.html.erb (8.4ms)
Started GET "/" for ::1 at 2021-07-29 14:56:20 -0400
  Rendered collection of /Users/davidwoolner/.rbenv/versions/2.5.1/lib/ruby/gems/2.5.0/gems/actionpack-5.0.7.2/lib/action_dispatch/middleware/templates/routes/_route.html.erb [1 times] (3.6ms)
  Rendered /Users/davidwoolner/.rbenv/versions/2.5.1/lib/ruby/gems/2.5.0/gems/actionpack-5.0.7.2/lib/action_dispatch/middleware/templates/routes/_table.html.erb (34.7ms)
  Rendering /Users/davidwoolner/.rbenv/versions/2.5.1/lib/ruby/gems/2.5.0/gems/actionpack-5.0.7.2/lib/action_dispatch/middleware/templates/rescues/_request_and_response.html.erb
  Rendered /Users/davidwoolner/.rbenv/versions/2.5.1/lib/ruby/gems/2.5.0/gems/actionpack-5.0.7.2/lib/action_dispatch/middleware/templates/rescues/_request_and_response.html.erb (175.8ms)
  Rendered /Users/davidwoolner/.rbenv/versions/2.5.1/lib/ruby/gems/2.5.0/gems/actionpack-5.0.7.2/lib/action_dispatch/middleware/templates/rescues/routing_error.html.erb within rescues/layout (2262.0ms)
Processing by StaticPagesController#index as HTML
  Rendering static_pages/index.html.erb within layouts/application
  Rendered shared/_main_nav.html.erb (0.5ms)
  Rendered shared/_masthead.html.erb (0.4ms)
  Rendered shared/_sections_nav.html.erb (0.6ms)
  Rendered shared/_search_modal.html.erb (0.6ms)
  Rendered shared/_main_content.html.erb (0.6ms)
  Rendered static_pages/index.html.erb within layouts/application (41.0ms)
Completed 200 OK in 4259ms (Views: 4247.7ms | ActiveRecord: 0.0ms)


Started GET "/assets/application.self-059b00d03aa9472e47bf08adb9113bf48787c7b07fd8cea255c1007bc6e11a3b.css?body=1" for ::1 at 2021-07-29 14:56:29 -0400
Started GET "/assets/components/modal.self-52188644dbb47def5ee35ae02e69eb567ca9b664472357a8a5789dd39032a265.js?body=1" for ::1 at 2021-07-29 14:56:29 -0400
Started GET "/assets/components/sidebar.self-2a1277f850a6fa21e1a974ef5152f177ac05516477d5081d593bb137b3d6808b.js?body=1" for ::1 at 2021-07-29 14:56:29 -0400
Started GET "/assets/jquery.self-bd7ddd393353a8d2480a622e80342adf488fb6006d667e8b42e4c0073393abee.js?body=1" for ::1 at 2021-07-29 14:56:29 -0400
Started GET "/assets/application.self-f571b9db02bf4ed04c38a6a29072ac382f7d4f47db1fab9817aeadb0d8665235.js?body=1" for ::1 at 2021-07-29 14:56:29 -0400
Started GET "/assets/jquery_ujs.self-784a997f6726036b1993eb2217c9cb558e1cbb801c6da88105588c56f13b466a.js?body=1" for ::1 at 2021-07-29 14:56:29 -0400
Started GET "/assets/application.self-059b00d03aa9472e47bf08adb9113bf48787c7b07fd8cea255c1007bc6e11a3b.css?body=1&livereload=1627585124120" for ::1 at 2021-07-29 14:58:44 -0400
Started GET "/assets/application.self-059b00d03aa9472e47bf08adb9113bf48787c7b07fd8cea255c1007bc6e11a3b.css?body=1&livereload=1627585124123" for ::1 at 2021-07-29 14:58:44 -0400
Started GET "/" for ::1 at 2021-07-29 14:58:58 -0400
Processing by StaticPagesController#index as HTML
  Rendering static_pages/index.html.erb within layouts/application
  Rendered shared/_main_nav.html.erb (1.1ms)
  Rendered shared/_masthead.html.erb (0.7ms)
  Rendered shared/_sections_nav.html.erb (0.6ms)
  Rendered shared/_search_modal.html.erb (0.6ms)
  Rendered shared/_main_content.html.erb (1.0ms)
  Rendered static_pages/index.html.erb within layouts/application (47.0ms)
Completed 200 OK in 593ms (Views: 584.0ms | ActiveRecord: 0.0ms)


Started GET "/assets/application.self-9b40434ac0bce2c4e1559bdc471803bb6d3686b41ac64b0a98014ce39f7975ff.css?body=1" for ::1 at 2021-07-29 14:58:58 -0400
Started GET "/assets/application.self-9b40434ac0bce2c4e1559bdc471803bb6d3686b41ac64b0a98014ce39f7975ff.css?body=1&livereload=1627585148090" for ::1 at 2021-07-29 14:59:08 -0400
Started GET "/assets/application.self-9b40434ac0bce2c4e1559bdc471803bb6d3686b41ac64b0a98014ce39f7975ff.css?body=1&livereload=1627585148094" for ::1 at 2021-07-29 14:59:08 -0400
Started GET "/" for ::1 at 2021-07-29 14:59:46 -0400
Started GET "/" for ::1 at 2021-07-29 14:59:46 -0400
Processing by StaticPagesController#index as HTML
  Rendering static_pages/index.html.erb within layouts/application
  Rendered shared/_main_nav.html.erb (0.6ms)
Processing by StaticPagesController#index as HTML
  Rendered shared/_masthead.html.erb (197.8ms)
  Rendering static_pages/index.html.erb within layouts/application
  Rendered shared/_main_nav.html.erb (0.1ms)
  Rendered shared/_masthead.html.erb (0.1ms)
  Rendered shared/_sections_nav.html.erb (0.3ms)
  Rendered shared/_search_modal.html.erb (0.7ms)
  Rendered shared/_sections_nav.html.erb (0.1ms)
  Rendered shared/_search_modal.html.erb (0.0ms)
  Rendered shared/_main_content.html.erb (0.3ms)
  Rendered static_pages/index.html.erb within layouts/application (383.4ms)
  Rendered shared/_main_content.html.erb (0.1ms)
  Rendered static_pages/index.html.erb within layouts/application (211.5ms)
Completed 200 OK in 603ms (Views: 593.5ms | ActiveRecord: 0.0ms)


Completed 200 OK in 419ms (Views: 406.8ms | ActiveRecord: 0.0ms)


Started GET "/" for ::1 at 2021-07-29 15:00:00 -0400
Processing by StaticPagesController#index as HTML
  Rendering static_pages/index.html.erb within layouts/application
  Rendered shared/_main_nav.html.erb (0.8ms)
  Rendered shared/_masthead.html.erb (0.5ms)
  Rendered shared/_sections_nav.html.erb (0.6ms)
  Rendered shared/_search_modal.html.erb (1.3ms)
  Rendered shared/_main_content.html.erb (0.9ms)
  Rendered static_pages/index.html.erb within layouts/application (47.0ms)
Completed 200 OK in 382ms (Views: 373.7ms | ActiveRecord: 0.0ms)


Started GET "/" for ::1 at 2021-07-29 15:00:31 -0400
Processing by StaticPagesController#index as HTML
Started GET "/" for ::1 at 2021-07-29 15:00:31 -0400
  Rendering static_pages/index.html.erb within layouts/application
  Rendered shared/_main_nav.html.erb (1.7ms)
  Rendered shared/_masthead.html.erb (0.6ms)
  Rendered shared/_sections_nav.html.erb (0.6ms)
Processing by StaticPagesController#index as HTML
  Rendering static_pages/index.html.erb within layouts/application
  Rendered shared/_main_nav.html.erb (0.1ms)
  Rendered shared/_masthead.html.erb (0.1ms)
  Rendered shared/_sections_nav.html.erb (0.1ms)
  Rendered shared/_search_modal.html.erb (0.7ms)
  Rendered shared/_main_content.html.erb (0.5ms)
  Rendered static_pages/index.html.erb within layouts/application (55.7ms)
  Rendered shared/_search_modal.html.erb (0.1ms)
  Rendered shared/_main_content.html.erb (0.6ms)
  Rendered static_pages/index.html.erb within layouts/application (371.7ms)
Completed 200 OK in 644ms (Views: 634.7ms | ActiveRecord: 0.0ms)


Completed 200 OK in 706ms (Views: 696.1ms | ActiveRecord: 0.0ms)


Started GET "/assets/application.self-059b00d03aa9472e47bf08adb9113bf48787c7b07fd8cea255c1007bc6e11a3b.css?body=1&livereload=1627585292752" for ::1 at 2021-07-29 15:01:32 -0400
Started GET "/assets/application.self-059b00d03aa9472e47bf08adb9113bf48787c7b07fd8cea255c1007bc6e11a3b.css?body=1&livereload=1627585292756" for ::1 at 2021-07-29 15:01:32 -0400
Started GET "/assets/application.self-059b00d03aa9472e47bf08adb9113bf48787c7b07fd8cea255c1007bc6e11a3b.css?body=1&livereload=1627585402002" for ::1 at 2021-07-29 15:03:22 -0400
Started GET "/assets/application.self-059b00d03aa9472e47bf08adb9113bf48787c7b07fd8cea255c1007bc6e11a3b.css?body=1&livereload=1627585402009" for ::1 at 2021-07-29 15:03:22 -0400
Started GET "/assets/application.self-059b00d03aa9472e47bf08adb9113bf48787c7b07fd8cea255c1007bc6e11a3b.css?body=1&livereload=1627585430878" for ::1 at 2021-07-29 15:03:50 -0400
Started GET "/assets/application.self-059b00d03aa9472e47bf08adb9113bf48787c7b07fd8cea255c1007bc6e11a3b.css?body=1&livereload=1627585430910" for ::1 at 2021-07-29 15:03:50 -0400
Started GET "/assets/application.self-059b00d03aa9472e47bf08adb9113bf48787c7b07fd8cea255c1007bc6e11a3b.css?body=1&livereload=1627585531158" for ::1 at 2021-07-29 15:05:31 -0400
Started GET "/assets/application.self-059b00d03aa9472e47bf08adb9113bf48787c7b07fd8cea255c1007bc6e11a3b.css?body=1&livereload=1627585531166" for ::1 at 2021-07-29 15:05:31 -0400
Started GET "/assets/application.self-059b00d03aa9472e47bf08adb9113bf48787c7b07fd8cea255c1007bc6e11a3b.css?body=1&livereload=1627585563036" for ::1 at 2021-07-29 15:06:03 -0400
Started GET "/assets/application.self-059b00d03aa9472e47bf08adb9113bf48787c7b07fd8cea255c1007bc6e11a3b.css?body=1&livereload=1627585563048" for ::1 at 2021-07-29 15:06:03 -0400
Started GET "/assets/application.self-059b00d03aa9472e47bf08adb9113bf48787c7b07fd8cea255c1007bc6e11a3b.css?body=1&livereload=1627585584688" for ::1 at 2021-07-29 15:06:24 -0400
Started GET "/assets/application.self-059b00d03aa9472e47bf08adb9113bf48787c7b07fd8cea255c1007bc6e11a3b.css?body=1&livereload=1627585584694" for ::1 at 2021-07-29 15:06:24 -0400
Started GET "/assets/application.self-059b00d03aa9472e47bf08adb9113bf48787c7b07fd8cea255c1007bc6e11a3b.css?body=1&livereload=1627585606148" for ::1 at 2021-07-29 15:06:46 -0400
Started GET "/assets/application.self-059b00d03aa9472e47bf08adb9113bf48787c7b07fd8cea255c1007bc6e11a3b.css?body=1&livereload=1627585606154" for ::1 at 2021-07-29 15:06:46 -0400
Started GET "/assets/application.self-059b00d03aa9472e47bf08adb9113bf48787c7b07fd8cea255c1007bc6e11a3b.css?body=1&livereload=1627585626409" for ::1 at 2021-07-29 15:07:06 -0400
Started GET "/assets/application.self-059b00d03aa9472e47bf08adb9113bf48787c7b07fd8cea255c1007bc6e11a3b.css?body=1&livereload=1627585626400" for ::1 at 2021-07-29 15:07:06 -0400
Started GET "/assets/application.self-059b00d03aa9472e47bf08adb9113bf48787c7b07fd8cea255c1007bc6e11a3b.css?body=1&livereload=1627585720075" for ::1 at 2021-07-29 15:08:40 -0400
Started GET "/assets/application.self-059b00d03aa9472e47bf08adb9113bf48787c7b07fd8cea255c1007bc6e11a3b.css?body=1&livereload=1627585720085" for ::1 at 2021-07-29 15:08:40 -0400
Started GET "/assets/application.self-059b00d03aa9472e47bf08adb9113bf48787c7b07fd8cea255c1007bc6e11a3b.css?body=1&livereload=1627585758286" for ::1 at 2021-07-29 15:09:18 -0400
Started GET "/assets/application.self-059b00d03aa9472e47bf08adb9113bf48787c7b07fd8cea255c1007bc6e11a3b.css?body=1&livereload=1627585758293" for ::1 at 2021-07-29 15:09:18 -0400
Started GET "/assets/application.self-059b00d03aa9472e47bf08adb9113bf48787c7b07fd8cea255c1007bc6e11a3b.css?body=1&livereload=1627585776250" for ::1 at 2021-07-29 15:09:36 -0400
Started GET "/assets/application.self-059b00d03aa9472e47bf08adb9113bf48787c7b07fd8cea255c1007bc6e11a3b.css?body=1&livereload=1627585776254" for ::1 at 2021-07-29 15:09:36 -0400
Started GET "/assets/application.self-059b00d03aa9472e47bf08adb9113bf48787c7b07fd8cea255c1007bc6e11a3b.css?body=1&livereload=1627585798171" for ::1 at 2021-07-29 15:09:58 -0400
Started GET "/assets/application.self-059b00d03aa9472e47bf08adb9113bf48787c7b07fd8cea255c1007bc6e11a3b.css?body=1&livereload=1627585798174" for ::1 at 2021-07-29 15:09:58 -0400
Started GET "/assets/application.self-059b00d03aa9472e47bf08adb9113bf48787c7b07fd8cea255c1007bc6e11a3b.css?body=1&livereload=1627585826308" for ::1 at 2021-07-29 15:10:26 -0400
Started GET "/assets/application.self-059b00d03aa9472e47bf08adb9113bf48787c7b07fd8cea255c1007bc6e11a3b.css?body=1&livereload=1627585826313" for ::1 at 2021-07-29 15:10:26 -0400
Started GET "/assets/application.self-059b00d03aa9472e47bf08adb9113bf48787c7b07fd8cea255c1007bc6e11a3b.css?body=1&livereload=1627585846369" for ::1 at 2021-07-29 15:10:46 -0400
Started GET "/assets/application.self-059b00d03aa9472e47bf08adb9113bf48787c7b07fd8cea255c1007bc6e11a3b.css?body=1&livereload=1627585846373" for ::1 at 2021-07-29 15:10:46 -0400
Started GET "/assets/application.self-059b00d03aa9472e47bf08adb9113bf48787c7b07fd8cea255c1007bc6e11a3b.css?body=1&livereload=1627585867557" for ::1 at 2021-07-29 15:11:07 -0400
Started GET "/assets/application.self-059b00d03aa9472e47bf08adb9113bf48787c7b07fd8cea255c1007bc6e11a3b.css?body=1&livereload=1627585867551" for ::1 at 2021-07-29 15:11:07 -0400
Started GET "/assets/application.self-059b00d03aa9472e47bf08adb9113bf48787c7b07fd8cea255c1007bc6e11a3b.css?body=1&livereload=1627585872680" for ::1 at 2021-07-29 15:11:12 -0400
Started GET "/assets/application.self-059b00d03aa9472e47bf08adb9113bf48787c7b07fd8cea255c1007bc6e11a3b.css?body=1&livereload=1627585872684" for ::1 at 2021-07-29 15:11:12 -0400
Started GET "/assets/application.self-059b00d03aa9472e47bf08adb9113bf48787c7b07fd8cea255c1007bc6e11a3b.css?body=1&livereload=1627586062684" for ::1 at 2021-07-29 15:14:22 -0400
Started GET "/assets/application.self-059b00d03aa9472e47bf08adb9113bf48787c7b07fd8cea255c1007bc6e11a3b.css?body=1&livereload=1627586062689" for ::1 at 2021-07-29 15:14:22 -0400
Started GET "/assets/application.self-059b00d03aa9472e47bf08adb9113bf48787c7b07fd8cea255c1007bc6e11a3b.css?body=1&livereload=1627586073639" for ::1 at 2021-07-29 15:14:33 -0400
Started GET "/assets/application.self-059b00d03aa9472e47bf08adb9113bf48787c7b07fd8cea255c1007bc6e11a3b.css?body=1&livereload=1627586073646" for ::1 at 2021-07-29 15:14:33 -0400
Started GET "/assets/application.self-059b00d03aa9472e47bf08adb9113bf48787c7b07fd8cea255c1007bc6e11a3b.css?body=1&livereload=1627586082284" for ::1 at 2021-07-29 15:14:42 -0400
Started GET "/assets/application.self-059b00d03aa9472e47bf08adb9113bf48787c7b07fd8cea255c1007bc6e11a3b.css?body=1&livereload=1627586082287" for ::1 at 2021-07-29 15:14:42 -0400
Started GET "/assets/application.self-059b00d03aa9472e47bf08adb9113bf48787c7b07fd8cea255c1007bc6e11a3b.css?body=1&livereload=1627586094777" for ::1 at 2021-07-29 15:14:54 -0400
Started GET "/assets/application.self-059b00d03aa9472e47bf08adb9113bf48787c7b07fd8cea255c1007bc6e11a3b.css?body=1&livereload=1627586094784" for ::1 at 2021-07-29 15:14:54 -0400
Started GET "/assets/application.self-059b00d03aa9472e47bf08adb9113bf48787c7b07fd8cea255c1007bc6e11a3b.css?body=1&livereload=1627586155143" for ::1 at 2021-07-29 15:15:55 -0400
Started GET "/assets/application.self-059b00d03aa9472e47bf08adb9113bf48787c7b07fd8cea255c1007bc6e11a3b.css?body=1&livereload=1627586155151" for ::1 at 2021-07-29 15:15:55 -0400
Started GET "/assets/application.self-059b00d03aa9472e47bf08adb9113bf48787c7b07fd8cea255c1007bc6e11a3b.css?body=1&livereload=1627586311251" for ::1 at 2021-07-29 15:18:31 -0400
Started GET "/assets/application.self-059b00d03aa9472e47bf08adb9113bf48787c7b07fd8cea255c1007bc6e11a3b.css?body=1&livereload=1627586311255" for ::1 at 2021-07-29 15:18:31 -0400
Started GET "/assets/application.self-059b00d03aa9472e47bf08adb9113bf48787c7b07fd8cea255c1007bc6e11a3b.css?body=1&livereload=1627586318959" for ::1 at 2021-07-29 15:18:38 -0400
Started GET "/assets/application.self-059b00d03aa9472e47bf08adb9113bf48787c7b07fd8cea255c1007bc6e11a3b.css?body=1&livereload=1627586318962" for ::1 at 2021-07-29 15:18:38 -0400
Started GET "/assets/application.self-059b00d03aa9472e47bf08adb9113bf48787c7b07fd8cea255c1007bc6e11a3b.css?body=1&livereload=1627586357863" for ::1 at 2021-07-29 15:19:17 -0400
Started GET "/assets/application.self-059b00d03aa9472e47bf08adb9113bf48787c7b07fd8cea255c1007bc6e11a3b.css?body=1&livereload=1627586357866" for ::1 at 2021-07-29 15:19:17 -0400
Started GET "/assets/application.self-059b00d03aa9472e47bf08adb9113bf48787c7b07fd8cea255c1007bc6e11a3b.css?body=1&livereload=1627586375433" for ::1 at 2021-07-29 15:19:35 -0400
Started GET "/assets/application.self-059b00d03aa9472e47bf08adb9113bf48787c7b07fd8cea255c1007bc6e11a3b.css?body=1&livereload=1627586375437" for ::1 at 2021-07-29 15:19:35 -0400
Started GET "/assets/application.self-059b00d03aa9472e47bf08adb9113bf48787c7b07fd8cea255c1007bc6e11a3b.css?body=1&livereload=1627586418018" for ::1 at 2021-07-29 15:20:18 -0400
Started GET "/assets/application.self-059b00d03aa9472e47bf08adb9113bf48787c7b07fd8cea255c1007bc6e11a3b.css?body=1&livereload=1627586418021" for ::1 at 2021-07-29 15:20:18 -0400
Started GET "/assets/application.self-059b00d03aa9472e47bf08adb9113bf48787c7b07fd8cea255c1007bc6e11a3b.css?body=1&livereload=1627586437225" for ::1 at 2021-07-29 15:20:37 -0400
Started GET "/assets/application.self-059b00d03aa9472e47bf08adb9113bf48787c7b07fd8cea255c1007bc6e11a3b.css?body=1&livereload=1627586437229" for ::1 at 2021-07-29 15:20:37 -0400
Started GET "/assets/application.self-059b00d03aa9472e47bf08adb9113bf48787c7b07fd8cea255c1007bc6e11a3b.css?body=1&livereload=1627586447622" for ::1 at 2021-07-29 15:20:47 -0400
Started GET "/assets/application.self-059b00d03aa9472e47bf08adb9113bf48787c7b07fd8cea255c1007bc6e11a3b.css?body=1&livereload=1627586447625" for ::1 at 2021-07-29 15:20:47 -0400
Started GET "/assets/application.self-059b00d03aa9472e47bf08adb9113bf48787c7b07fd8cea255c1007bc6e11a3b.css?body=1&livereload=1627586480331" for ::1 at 2021-07-29 15:21:20 -0400
Started GET "/assets/application.self-059b00d03aa9472e47bf08adb9113bf48787c7b07fd8cea255c1007bc6e11a3b.css?body=1&livereload=1627586480337" for ::1 at 2021-07-29 15:21:20 -0400
Started GET "/assets/application.self-059b00d03aa9472e47bf08adb9113bf48787c7b07fd8cea255c1007bc6e11a3b.css?body=1&livereload=1627586492009" for ::1 at 2021-07-29 15:21:32 -0400
Started GET "/assets/application.self-059b00d03aa9472e47bf08adb9113bf48787c7b07fd8cea255c1007bc6e11a3b.css?body=1&livereload=1627586492012" for ::1 at 2021-07-29 15:21:32 -0400
Started GET "/assets/application.self-059b00d03aa9472e47bf08adb9113bf48787c7b07fd8cea255c1007bc6e11a3b.css?body=1&livereload=1627586570529" for ::1 at 2021-07-29 15:22:50 -0400
Started GET "/assets/application.self-059b00d03aa9472e47bf08adb9113bf48787c7b07fd8cea255c1007bc6e11a3b.css?body=1&livereload=1627586570532" for ::1 at 2021-07-29 15:22:50 -0400
Started GET "/assets/application.self-059b00d03aa9472e47bf08adb9113bf48787c7b07fd8cea255c1007bc6e11a3b.css?body=1&livereload=1627586590889" for ::1 at 2021-07-29 15:23:10 -0400
Started GET "/assets/application.self-059b00d03aa9472e47bf08adb9113bf48787c7b07fd8cea255c1007bc6e11a3b.css?body=1&livereload=1627586590893" for ::1 at 2021-07-29 15:23:10 -0400
Started GET "/assets/application.self-059b00d03aa9472e47bf08adb9113bf48787c7b07fd8cea255c1007bc6e11a3b.css?body=1&livereload=1627586627170" for ::1 at 2021-07-29 15:23:47 -0400
Started GET "/assets/application.self-059b00d03aa9472e47bf08adb9113bf48787c7b07fd8cea255c1007bc6e11a3b.css?body=1&livereload=1627586627173" for ::1 at 2021-07-29 15:23:47 -0400
Started GET "/assets/application.self-059b00d03aa9472e47bf08adb9113bf48787c7b07fd8cea255c1007bc6e11a3b.css?body=1&livereload=1627586691092" for ::1 at 2021-07-29 15:24:51 -0400
Started GET "/assets/application.self-059b00d03aa9472e47bf08adb9113bf48787c7b07fd8cea255c1007bc6e11a3b.css?body=1&livereload=1627586691088" for ::1 at 2021-07-29 15:24:51 -0400
Started GET "/" for ::1 at 2021-07-29 15:25:06 -0400
Processing by StaticPagesController#index as HTML
  Rendering static_pages/index.html.erb within layouts/application
  Rendered shared/_main_nav.html.erb (0.6ms)
  Rendered shared/_masthead.html.erb (0.9ms)
  Rendered shared/_sections_nav.html.erb (0.8ms)
  Rendered shared/_search_modal.html.erb (0.5ms)
  Rendered shared/_main_content.html.erb (0.7ms)
  Rendered static_pages/index.html.erb within layouts/application (66.0ms)
Completed 200 OK in 509ms (Views: 501.1ms | ActiveRecord: 0.0ms)


Started GET "/assets/application.self-95e67b32cd31d970872eb01f172307589a989c2c3e83d029a2f196c7da593dd2.css?body=1" for ::1 at 2021-07-29 15:25:07 -0400
Started GET "/assets/application.self-95e67b32cd31d970872eb01f172307589a989c2c3e83d029a2f196c7da593dd2.css?body=1&livereload=1627586717458" for ::1 at 2021-07-29 15:25:17 -0400
Started GET "/assets/application.self-95e67b32cd31d970872eb01f172307589a989c2c3e83d029a2f196c7da593dd2.css?body=1&livereload=1627586717461" for ::1 at 2021-07-29 15:25:17 -0400
Started GET "/assets/application.self-95e67b32cd31d970872eb01f172307589a989c2c3e83d029a2f196c7da593dd2.css?body=1&livereload=1627586736124" for ::1 at 2021-07-29 15:25:36 -0400
Started GET "/assets/application.self-95e67b32cd31d970872eb01f172307589a989c2c3e83d029a2f196c7da593dd2.css?body=1&livereload=1627586736133" for ::1 at 2021-07-29 15:25:36 -0400
Started GET "/" for ::1 at 2021-07-29 15:26:11 -0400
DEPRECATION WARNING: ActiveRecord::Base.raise_in_transactional_callbacks= is deprecated, has no effect and will be removed without replacement. (called from block (3 levels) in <class:Railtie> at /Users/davidwoolner/.rbenv/versions/2.5.1/lib/ruby/gems/2.5.0/gems/activerecord-5.0.7.2/lib/active_record/railtie.rb:113)
Processing by StaticPagesController#index as HTML
  Rendering static_pages/index.html.erb within layouts/application
  Rendered shared/_main_nav.html.erb (0.9ms)
  Rendered shared/_masthead.html.erb (0.5ms)
  Rendered shared/_sections_nav.html.erb (0.4ms)
  Rendered shared/_search_modal.html.erb (1.4ms)
  Rendered shared/_main_content.html.erb (0.7ms)
  Rendered static_pages/index.html.erb within layouts/application (329.6ms)
Completed 200 OK in 2675ms (Views: 2520.4ms | ActiveRecord: 0.0ms)


Started GET "/assets/application.self-90bce874a5697d49ba27c83e4ed20ea4a611fa2924b6cb86a8a6cec46de51115.css?body=1" for ::1 at 2021-07-29 15:26:16 -0400
Started GET "/assets/application.self-90bce874a5697d49ba27c83e4ed20ea4a611fa2924b6cb86a8a6cec46de51115.css?body=1&livereload=1627586819514" for ::1 at 2021-07-29 15:26:59 -0400
Started GET "/assets/application.self-90bce874a5697d49ba27c83e4ed20ea4a611fa2924b6cb86a8a6cec46de51115.css?body=1&livereload=1627586819517" for ::1 at 2021-07-29 15:26:59 -0400
Started GET "/assets/application.self-90bce874a5697d49ba27c83e4ed20ea4a611fa2924b6cb86a8a6cec46de51115.css?body=1&livereload=1627586963302" for ::1 at 2021-07-29 15:29:23 -0400
Started GET "/assets/application.self-90bce874a5697d49ba27c83e4ed20ea4a611fa2924b6cb86a8a6cec46de51115.css?body=1&livereload=1627586963305" for ::1 at 2021-07-29 15:29:23 -0400
Started GET "/assets/application.self-90bce874a5697d49ba27c83e4ed20ea4a611fa2924b6cb86a8a6cec46de51115.css?body=1&livereload=1627587024043" for ::1 at 2021-07-29 15:30:24 -0400
Started GET "/assets/application.self-90bce874a5697d49ba27c83e4ed20ea4a611fa2924b6cb86a8a6cec46de51115.css?body=1&livereload=1627587024048" for ::1 at 2021-07-29 15:30:24 -0400
Started GET "/assets/application.self-90bce874a5697d49ba27c83e4ed20ea4a611fa2924b6cb86a8a6cec46de51115.css?body=1&livereload=1627587046741" for ::1 at 2021-07-29 15:30:46 -0400
Started GET "/assets/application.self-90bce874a5697d49ba27c83e4ed20ea4a611fa2924b6cb86a8a6cec46de51115.css?body=1&livereload=1627587046744" for ::1 at 2021-07-29 15:30:46 -0400
Started GET "/assets/application.self-90bce874a5697d49ba27c83e4ed20ea4a611fa2924b6cb86a8a6cec46de51115.css?body=1&livereload=1627587071969" for ::1 at 2021-07-29 15:31:11 -0400
Started GET "/assets/application.self-90bce874a5697d49ba27c83e4ed20ea4a611fa2924b6cb86a8a6cec46de51115.css?body=1&livereload=1627587071981" for ::1 at 2021-07-29 15:31:11 -0400
Started GET "/assets/application.self-90bce874a5697d49ba27c83e4ed20ea4a611fa2924b6cb86a8a6cec46de51115.css?body=1&livereload=1627587078106" for ::1 at 2021-07-29 15:31:18 -0400
Started GET "/assets/application.self-90bce874a5697d49ba27c83e4ed20ea4a611fa2924b6cb86a8a6cec46de51115.css?body=1&livereload=1627587078100" for ::1 at 2021-07-29 15:31:18 -0400
Started GET "/assets/application.self-90bce874a5697d49ba27c83e4ed20ea4a611fa2924b6cb86a8a6cec46de51115.css?body=1&livereload=1627587134918" for ::1 at 2021-07-29 15:32:14 -0400
Started GET "/assets/application.self-90bce874a5697d49ba27c83e4ed20ea4a611fa2924b6cb86a8a6cec46de51115.css?body=1&livereload=1627587134922" for ::1 at 2021-07-29 15:32:14 -0400
Started GET "/assets/application.self-90bce874a5697d49ba27c83e4ed20ea4a611fa2924b6cb86a8a6cec46de51115.css?body=1&livereload=1627587149079" for ::1 at 2021-07-29 15:32:29 -0400
Started GET "/assets/application.self-90bce874a5697d49ba27c83e4ed20ea4a611fa2924b6cb86a8a6cec46de51115.css?body=1&livereload=1627587149083" for ::1 at 2021-07-29 15:32:29 -0400
Started GET "/assets/application.self-90bce874a5697d49ba27c83e4ed20ea4a611fa2924b6cb86a8a6cec46de51115.css?body=1&livereload=1627587162727" for ::1 at 2021-07-29 15:32:42 -0400
Started GET "/assets/application.self-90bce874a5697d49ba27c83e4ed20ea4a611fa2924b6cb86a8a6cec46de51115.css?body=1&livereload=1627587162725" for ::1 at 2021-07-29 15:32:42 -0400
Started GET "/assets/application.self-90bce874a5697d49ba27c83e4ed20ea4a611fa2924b6cb86a8a6cec46de51115.css?body=1&livereload=1627587170798" for ::1 at 2021-07-29 15:32:50 -0400
Started GET "/assets/application.self-90bce874a5697d49ba27c83e4ed20ea4a611fa2924b6cb86a8a6cec46de51115.css?body=1&livereload=1627587170800" for ::1 at 2021-07-29 15:32:50 -0400
Started GET "/assets/application.self-90bce874a5697d49ba27c83e4ed20ea4a611fa2924b6cb86a8a6cec46de51115.css?body=1&livereload=1627587190455" for ::1 at 2021-07-29 15:33:10 -0400
Started GET "/assets/application.self-90bce874a5697d49ba27c83e4ed20ea4a611fa2924b6cb86a8a6cec46de51115.css?body=1&livereload=1627587190451" for ::1 at 2021-07-29 15:33:10 -0400
Started GET "/assets/application.self-90bce874a5697d49ba27c83e4ed20ea4a611fa2924b6cb86a8a6cec46de51115.css?body=1&livereload=1627587250429" for ::1 at 2021-07-29 15:34:10 -0400
Started GET "/assets/application.self-90bce874a5697d49ba27c83e4ed20ea4a611fa2924b6cb86a8a6cec46de51115.css?body=1&livereload=1627587250432" for ::1 at 2021-07-29 15:34:10 -0400
Started GET "/assets/application.self-90bce874a5697d49ba27c83e4ed20ea4a611fa2924b6cb86a8a6cec46de51115.css?body=1&livereload=1627587310516" for ::1 at 2021-07-29 15:35:10 -0400
Started GET "/assets/application.self-90bce874a5697d49ba27c83e4ed20ea4a611fa2924b6cb86a8a6cec46de51115.css?body=1&livereload=1627587310520" for ::1 at 2021-07-29 15:35:10 -0400
Started GET "/assets/application.self-90bce874a5697d49ba27c83e4ed20ea4a611fa2924b6cb86a8a6cec46de51115.css?body=1&livereload=1627587318956" for ::1 at 2021-07-29 15:35:18 -0400
Started GET "/assets/application.self-90bce874a5697d49ba27c83e4ed20ea4a611fa2924b6cb86a8a6cec46de51115.css?body=1&livereload=1627587318959" for ::1 at 2021-07-29 15:35:19 -0400
Started GET "/assets/application.self-90bce874a5697d49ba27c83e4ed20ea4a611fa2924b6cb86a8a6cec46de51115.css?body=1&livereload=1627587363894" for ::1 at 2021-07-29 15:36:03 -0400
Started GET "/assets/application.self-90bce874a5697d49ba27c83e4ed20ea4a611fa2924b6cb86a8a6cec46de51115.css?body=1&livereload=1627587363901" for ::1 at 2021-07-29 15:36:03 -0400
Started GET "/assets/application.self-90bce874a5697d49ba27c83e4ed20ea4a611fa2924b6cb86a8a6cec46de51115.css?body=1&livereload=1627587375405" for ::1 at 2021-07-29 15:36:15 -0400
Started GET "/assets/application.self-90bce874a5697d49ba27c83e4ed20ea4a611fa2924b6cb86a8a6cec46de51115.css?body=1&livereload=1627587375413" for ::1 at 2021-07-29 15:36:15 -0400
Started GET "/assets/application.self-90bce874a5697d49ba27c83e4ed20ea4a611fa2924b6cb86a8a6cec46de51115.css?body=1&livereload=1627587413540" for ::1 at 2021-07-29 15:36:53 -0400
Started GET "/assets/application.self-90bce874a5697d49ba27c83e4ed20ea4a611fa2924b6cb86a8a6cec46de51115.css?body=1&livereload=1627587413543" for ::1 at 2021-07-29 15:36:53 -0400
Started GET "/assets/application.self-90bce874a5697d49ba27c83e4ed20ea4a611fa2924b6cb86a8a6cec46de51115.css?body=1&livereload=1627587422900" for ::1 at 2021-07-29 15:37:02 -0400
Started GET "/assets/application.self-90bce874a5697d49ba27c83e4ed20ea4a611fa2924b6cb86a8a6cec46de51115.css?body=1&livereload=1627587422906" for ::1 at 2021-07-29 15:37:02 -0400
Started GET "/assets/application.self-90bce874a5697d49ba27c83e4ed20ea4a611fa2924b6cb86a8a6cec46de51115.css?body=1&livereload=1627587427627" for ::1 at 2021-07-29 15:37:07 -0400
Started GET "/assets/application.self-90bce874a5697d49ba27c83e4ed20ea4a611fa2924b6cb86a8a6cec46de51115.css?body=1&livereload=1627587427631" for ::1 at 2021-07-29 15:37:07 -0400
Started GET "/assets/application.self-90bce874a5697d49ba27c83e4ed20ea4a611fa2924b6cb86a8a6cec46de51115.css?body=1&livereload=1627587436433" for ::1 at 2021-07-29 15:37:16 -0400
Started GET "/assets/application.self-90bce874a5697d49ba27c83e4ed20ea4a611fa2924b6cb86a8a6cec46de51115.css?body=1&livereload=1627587436431" for ::1 at 2021-07-29 15:37:16 -0400
Started GET "/assets/application.self-90bce874a5697d49ba27c83e4ed20ea4a611fa2924b6cb86a8a6cec46de51115.css?body=1&livereload=1627587453861" for ::1 at 2021-07-29 15:37:33 -0400
Started GET "/assets/application.self-90bce874a5697d49ba27c83e4ed20ea4a611fa2924b6cb86a8a6cec46de51115.css?body=1&livereload=1627587453855" for ::1 at 2021-07-29 15:37:33 -0400
Started GET "/assets/application.self-90bce874a5697d49ba27c83e4ed20ea4a611fa2924b6cb86a8a6cec46de51115.css?body=1&livereload=1627587470051" for ::1 at 2021-07-29 15:37:50 -0400
Started GET "/assets/application.self-90bce874a5697d49ba27c83e4ed20ea4a611fa2924b6cb86a8a6cec46de51115.css?body=1&livereload=1627587470053" for ::1 at 2021-07-29 15:37:50 -0400
Started GET "/assets/application.self-90bce874a5697d49ba27c83e4ed20ea4a611fa2924b6cb86a8a6cec46de51115.css?body=1&livereload=1627587474697" for ::1 at 2021-07-29 15:37:54 -0400
Started GET "/assets/application.self-90bce874a5697d49ba27c83e4ed20ea4a611fa2924b6cb86a8a6cec46de51115.css?body=1&livereload=1627587474702" for ::1 at 2021-07-29 15:37:54 -0400
Started GET "/" for ::1 at 2021-07-29 15:38:25 -0400
Processing by StaticPagesController#index as HTML
  Rendering static_pages/index.html.erb within layouts/application
  Rendered shared/_main_nav.html.erb (0.7ms)
  Rendered shared/_masthead.html.erb (1.0ms)
  Rendered shared/_sections_nav.html.erb (0.4ms)
  Rendered shared/_search_modal.html.erb (1.3ms)
  Rendered shared/_main_content.html.erb (0.6ms)
  Rendered static_pages/index.html.erb within layouts/application (58.5ms)
Completed 200 OK in 409ms (Views: 398.7ms | ActiveRecord: 0.0ms)


Started GET "/assets/application.self-02cd4ede6fcb1b049af52f6057f8ab3186117129e00d6608fd9f15534936245a.css?body=1" for ::1 at 2021-07-29 15:38:25 -0400
Started GET "/assets/application.self-02cd4ede6fcb1b049af52f6057f8ab3186117129e00d6608fd9f15534936245a.css?body=1&livereload=1627587589083" for ::1 at 2021-07-29 15:39:49 -0400
Started GET "/assets/application.self-02cd4ede6fcb1b049af52f6057f8ab3186117129e00d6608fd9f15534936245a.css?body=1&livereload=1627587589087" for ::1 at 2021-07-29 15:39:49 -0400
Started GET "/assets/application.self-02cd4ede6fcb1b049af52f6057f8ab3186117129e00d6608fd9f15534936245a.css?body=1&livereload=1627587673932" for ::1 at 2021-07-29 15:41:13 -0400
Started GET "/assets/application.self-02cd4ede6fcb1b049af52f6057f8ab3186117129e00d6608fd9f15534936245a.css?body=1&livereload=1627587673936" for ::1 at 2021-07-29 15:41:13 -0400
Started GET "/assets/application.self-02cd4ede6fcb1b049af52f6057f8ab3186117129e00d6608fd9f15534936245a.css?body=1&livereload=1627587690450" for ::1 at 2021-07-29 15:41:30 -0400
Started GET "/assets/application.self-02cd4ede6fcb1b049af52f6057f8ab3186117129e00d6608fd9f15534936245a.css?body=1&livereload=1627587690457" for ::1 at 2021-07-29 15:41:30 -0400
Started GET "/assets/application.self-02cd4ede6fcb1b049af52f6057f8ab3186117129e00d6608fd9f15534936245a.css?body=1&livereload=1627587694281" for ::1 at 2021-07-29 15:41:34 -0400
Started GET "/assets/application.self-02cd4ede6fcb1b049af52f6057f8ab3186117129e00d6608fd9f15534936245a.css?body=1&livereload=1627587694289" for ::1 at 2021-07-29 15:41:34 -0400
Started GET "/assets/application.self-02cd4ede6fcb1b049af52f6057f8ab3186117129e00d6608fd9f15534936245a.css?body=1&livereload=1627587699460" for ::1 at 2021-07-29 15:41:39 -0400
Started GET "/assets/application.self-02cd4ede6fcb1b049af52f6057f8ab3186117129e00d6608fd9f15534936245a.css?body=1&livereload=1627587699468" for ::1 at 2021-07-29 15:41:39 -0400
Started GET "/assets/application.self-02cd4ede6fcb1b049af52f6057f8ab3186117129e00d6608fd9f15534936245a.css?body=1&livereload=1627587704095" for ::1 at 2021-07-29 15:41:44 -0400
Started GET "/assets/application.self-02cd4ede6fcb1b049af52f6057f8ab3186117129e00d6608fd9f15534936245a.css?body=1&livereload=1627587704103" for ::1 at 2021-07-29 15:41:44 -0400
Started GET "/assets/application.self-02cd4ede6fcb1b049af52f6057f8ab3186117129e00d6608fd9f15534936245a.css?body=1&livereload=1627587719386" for ::1 at 2021-07-29 15:41:59 -0400
Started GET "/assets/application.self-02cd4ede6fcb1b049af52f6057f8ab3186117129e00d6608fd9f15534936245a.css?body=1&livereload=1627587719382" for ::1 at 2021-07-29 15:41:59 -0400
Started GET "/assets/application.self-02cd4ede6fcb1b049af52f6057f8ab3186117129e00d6608fd9f15534936245a.css?body=1&livereload=1627587734300" for ::1 at 2021-07-29 15:42:14 -0400
Started GET "/assets/application.self-02cd4ede6fcb1b049af52f6057f8ab3186117129e00d6608fd9f15534936245a.css?body=1&livereload=1627587734290" for ::1 at 2021-07-29 15:42:14 -0400
Started GET "/assets/application.self-02cd4ede6fcb1b049af52f6057f8ab3186117129e00d6608fd9f15534936245a.css?body=1&livereload=1627587746549" for ::1 at 2021-07-29 15:42:26 -0400
Started GET "/assets/application.self-02cd4ede6fcb1b049af52f6057f8ab3186117129e00d6608fd9f15534936245a.css?body=1&livereload=1627587746541" for ::1 at 2021-07-29 15:42:26 -0400
Started GET "/assets/application.self-02cd4ede6fcb1b049af52f6057f8ab3186117129e00d6608fd9f15534936245a.css?body=1&livereload=1627587767287" for ::1 at 2021-07-29 15:42:47 -0400
Started GET "/assets/application.self-02cd4ede6fcb1b049af52f6057f8ab3186117129e00d6608fd9f15534936245a.css?body=1&livereload=1627587767281" for ::1 at 2021-07-29 15:42:47 -0400
Started GET "/" for ::1 at 2021-07-29 16:22:01 -0400
DEPRECATION WARNING: ActiveRecord::Base.raise_in_transactional_callbacks= is deprecated, has no effect and will be removed without replacement. (called from block (3 levels) in <class:Railtie> at /home/deep_biswas/.rbenv/versions/2.5.1/lib/ruby/gems/2.5.0/gems/activerecord-5.0.7.2/lib/active_record/railtie.rb:113)
Processing by StaticPagesController#index as HTML
  Rendering static_pages/index.html.erb within layouts/application
  Rendered shared/_main_nav.html.erb (0.8ms)
  Rendered shared/_masthead.html.erb (0.6ms)
  Rendered shared/_sections_nav.html.erb (0.4ms)
  Rendered shared/_search_modal.html.erb (0.4ms)
  Rendered shared/_main_content.html.erb (0.9ms)
  Rendered static_pages/index.html.erb within layouts/application (796.0ms)
Completed 200 OK in 9322ms (Views: 9201.0ms | ActiveRecord: 0.0ms)


Started GET "/assets/application.self-734289f96590e96b90f187d44707b76e97a00c316fc92514a762e8fdd1846601.css?body=1" for ::1 at 2021-07-29 16:22:14 -0400
Started GET "/" for ::1 at 2021-07-29 16:27:44 -0400
Processing by StaticPagesController#index as HTML
  Rendering static_pages/index.html.erb within layouts/application
  Rendered shared/_main_nav.html.erb (0.7ms)
  Rendered shared/_masthead.html.erb (0.4ms)
  Rendered shared/_sections_nav.html.erb (0.5ms)
  Rendered shared/_search_modal.html.erb (0.4ms)
  Rendered shared/_main_content.html.erb (0.3ms)
  Rendered static_pages/index.html.erb within layouts/application (821.7ms)
Completed 200 OK in 6208ms (Views: 5839.1ms | ActiveRecord: 0.0ms)


Started GET "/assets/application.self-b2e12ba7efd1b20c682455f9cf2b878d9ffc7240b5b7f802e25397783c7a92c0.css?body=1" for ::1 at 2021-07-29 16:27:51 -0400
Started GET "/" for ::1 at 2021-07-29 16:28:18 -0400
Processing by StaticPagesController#index as HTML
  Rendering static_pages/index.html.erb within layouts/application
  Rendered shared/_main_nav.html.erb (0.8ms)
  Rendered shared/_masthead.html.erb (1.4ms)
  Rendered shared/_sections_nav.html.erb (0.7ms)
  Rendered shared/_search_modal.html.erb (0.6ms)
  Rendered shared/_main_content.html.erb (0.4ms)
  Rendered static_pages/index.html.erb within layouts/application (832.1ms)
Completed 200 OK in 2119ms (Views: 1966.6ms | ActiveRecord: 0.0ms)


Started GET "/" for ::1 at 2021-07-29 16:31:22 -0400
Processing by StaticPagesController#index as HTML
  Rendering static_pages/index.html.erb within layouts/application
  Rendered shared/_main_nav.html.erb (0.4ms)
  Rendered shared/_masthead.html.erb (0.4ms)
  Rendered shared/_sections_nav.html.erb (0.4ms)
  Rendered shared/_search_modal.html.erb (0.6ms)
  Rendered shared/_main_content.html.erb (0.6ms)
  Rendered static_pages/index.html.erb within layouts/application (754.2ms)
Completed 200 OK in 4648ms (Views: 4369.1ms | ActiveRecord: 0.0ms)


Started GET "/assets/application.self-9a14540e434a2e7f6d74a0df39bed16a2826310981ff157c691b811918b88308.css?body=1" for ::1 at 2021-07-29 16:31:27 -0400
Started GET "/" for ::1 at 2021-07-29 16:34:07 -0400
Processing by StaticPagesController#index as HTML
  Rendering static_pages/index.html.erb within layouts/application
  Rendered shared/_main_nav.html.erb (0.6ms)
  Rendered shared/_masthead.html.erb (0.5ms)
  Rendered shared/_sections_nav.html.erb (0.5ms)
  Rendered shared/_search_modal.html.erb (0.5ms)
  Rendered shared/_main_content.html.erb (0.5ms)
  Rendered static_pages/index.html.erb within layouts/application (689.8ms)
Completed 200 OK in 4591ms (Views: 4433.3ms | ActiveRecord: 0.0ms)


Started GET "/assets/application.self-555c064b62a0ea3d8bfff5e8d1eb87bbb8c60a802a6b470799c513c7222052c3.css?body=1" for ::1 at 2021-07-29 16:34:12 -0400
Started GET "/" for ::1 at 2021-07-29 16:35:05 -0400
Processing by StaticPagesController#index as HTML
  Rendering static_pages/index.html.erb within layouts/application
  Rendered shared/_main_nav.html.erb (0.8ms)
  Rendered shared/_masthead.html.erb (1.6ms)
  Rendered shared/_sections_nav.html.erb (0.5ms)
  Rendered shared/_search_modal.html.erb (0.8ms)
  Rendered shared/_main_content.html.erb (0.7ms)
  Rendered static_pages/index.html.erb within layouts/application (674.8ms)
Completed 200 OK in 4106ms (Views: 3957.2ms | ActiveRecord: 0.0ms)


Started GET "/assets/application.self-e79b03ad24386824e341723029bc0006620de7640da1afd29f5d5c38e22d1a4b.css?body=1" for ::1 at 2021-07-29 16:35:10 -0400
Started GET "/" for ::1 at 2021-07-29 16:38:59 -0400
Processing by StaticPagesController#index as HTML
  Rendering static_pages/index.html.erb within layouts/application
  Rendered shared/_main_nav.html.erb (0.5ms)
  Rendered shared/_masthead.html.erb (0.5ms)
  Rendered shared/_sections_nav.html.erb (0.5ms)
  Rendered shared/_search_modal.html.erb (0.4ms)
  Rendered shared/_main_content.html.erb (0.5ms)
  Rendered static_pages/index.html.erb within layouts/application (570.3ms)
Completed 200 OK in 4065ms (Views: 3899.3ms | ActiveRecord: 0.0ms)


Started GET "/assets/application.self-c77da5bac36daaa427f169b5abde5bd2c34059fe40f593ce7d8448e9385f6898.css?body=1" for ::1 at 2021-07-29 16:39:03 -0400
Started GET "/" for ::1 at 2021-07-29 16:40:19 -0400
Processing by StaticPagesController#index as HTML
  Rendering static_pages/index.html.erb within layouts/application
  Rendered shared/_main_nav.html.erb (0.7ms)
  Rendered shared/_masthead.html.erb (0.8ms)
  Rendered shared/_sections_nav.html.erb (0.4ms)
  Rendered shared/_search_modal.html.erb (0.7ms)
  Rendered shared/_main_content.html.erb (0.7ms)
  Rendered static_pages/index.html.erb within layouts/application (628.6ms)
Completed 200 OK in 4257ms (Views: 4131.5ms | ActiveRecord: 0.0ms)


Started GET "/assets/application.self-c4342ee14f1a1adc66144507f270afc63e42ca3abe2921529d163447a668fb3d.css?body=1" for ::1 at 2021-07-29 16:40:24 -0400
Started GET "/" for ::1 at 2021-07-29 16:41:06 -0400
Processing by StaticPagesController#index as HTML
  Rendering static_pages/index.html.erb within layouts/application
  Rendered shared/_main_nav.html.erb (1.2ms)
  Rendered shared/_masthead.html.erb (0.5ms)
  Rendered shared/_sections_nav.html.erb (0.4ms)
  Rendered shared/_search_modal.html.erb (0.5ms)
  Rendered shared/_main_content.html.erb (0.6ms)
  Rendered static_pages/index.html.erb within layouts/application (756.6ms)
Completed 200 OK in 3999ms (Views: 3855.8ms | ActiveRecord: 0.0ms)


Started GET "/assets/application.self-77a4e0c78ba06455830caad34716c2755021311c7ad3a1c6b54302beb6d70880.css?body=1" for ::1 at 2021-07-29 16:41:10 -0400
Started GET "/" for ::1 at 2021-07-29 16:42:31 -0400
Processing by StaticPagesController#index as HTML
  Rendering static_pages/index.html.erb within layouts/application
  Rendered shared/_main_nav.html.erb (1.5ms)
  Rendered shared/_masthead.html.erb (0.6ms)
  Rendered shared/_sections_nav.html.erb (0.5ms)
  Rendered shared/_search_modal.html.erb (0.3ms)
  Rendered shared/_main_content.html.erb (0.9ms)
  Rendered static_pages/index.html.erb within layouts/application (533.5ms)
Completed 200 OK in 3940ms (Views: 3768.5ms | ActiveRecord: 0.0ms)


Started GET "/assets/application.self-e721d9a37efcfb88972e2dfbbb74e510d5e7a27d5976775ad778d8db1fd9bf2b.css?body=1" for ::1 at 2021-07-29 16:42:35 -0400
Started GET "/" for ::1 at 2021-07-29 16:48:57 -0400
Processing by StaticPagesController#index as HTML
  Rendering static_pages/index.html.erb within layouts/application
  Rendered shared/_main_nav.html.erb (0.6ms)
  Rendered shared/_masthead.html.erb (0.8ms)
  Rendered shared/_sections_nav.html.erb (0.4ms)
  Rendered shared/_search_modal.html.erb (0.4ms)
  Rendered shared/_main_content.html.erb (0.4ms)
  Rendered static_pages/index.html.erb within layouts/application (633.7ms)
Completed 200 OK in 1732ms (Views: 1578.8ms | ActiveRecord: 0.0ms)


Started GET "/" for ::1 at 2021-07-29 16:50:12 -0400
Processing by StaticPagesController#index as HTML
  Rendering static_pages/index.html.erb within layouts/application
  Rendered shared/_main_nav.html.erb (1.0ms)
  Rendered shared/_masthead.html.erb (1.0ms)
  Rendered shared/_sections_nav.html.erb (0.3ms)
  Rendered shared/_search_modal.html.erb (1.2ms)
  Rendered shared/_main_content.html.erb (0.5ms)
  Rendered static_pages/index.html.erb within layouts/application (562.5ms)
Completed 200 OK in 1443ms (Views: 1302.1ms | ActiveRecord: 0.0ms)


Started GET "/" for ::1 at 2021-07-29 16:51:15 -0400
Processing by StaticPagesController#index as HTML
  Rendering static_pages/index.html.erb within layouts/application
  Rendered shared/_main_nav.html.erb (0.8ms)
  Rendered shared/_masthead.html.erb (1.4ms)
  Rendered shared/_sections_nav.html.erb (0.4ms)
  Rendered shared/_search_modal.html.erb (0.6ms)
  Rendered shared/_main_content.html.erb (0.3ms)
  Rendered static_pages/index.html.erb within layouts/application (563.3ms)
Completed 200 OK in 3685ms (Views: 3485.5ms | ActiveRecord: 0.0ms)


Started GET "/assets/application.self-001ff1ce4f2e66ee79dcca9c86c3542c9a279fc9ec1b4bb81d59d7cbfb2767b9.css?body=1" for ::1 at 2021-07-29 16:51:19 -0400
Started GET "/" for ::1 at 2021-07-29 16:51:28 -0400
Processing by StaticPagesController#index as HTML
  Rendering static_pages/index.html.erb within layouts/application
  Rendered shared/_main_nav.html.erb (0.5ms)
  Rendered shared/_masthead.html.erb (0.9ms)
  Rendered shared/_sections_nav.html.erb (0.7ms)
  Rendered shared/_search_modal.html.erb (1.1ms)
  Rendered shared/_main_content.html.erb (0.6ms)
  Rendered static_pages/index.html.erb within layouts/application (619.9ms)
Completed 200 OK in 4678ms (Views: 4482.7ms | ActiveRecord: 0.0ms)


Started GET "/assets/application.self-4589e8123b44d8eba06e222b6edd36d8f960425bb526417f2cb291889e43fa3a.css?body=1" for ::1 at 2021-07-29 16:51:33 -0400
Started GET "/" for ::1 at 2021-07-29 16:51:40 -0400
Processing by StaticPagesController#index as HTML
  Rendering static_pages/index.html.erb within layouts/application
  Rendered shared/_main_nav.html.erb (0.5ms)
  Rendered shared/_masthead.html.erb (0.4ms)
  Rendered shared/_sections_nav.html.erb (0.4ms)
  Rendered shared/_search_modal.html.erb (0.4ms)
  Rendered shared/_main_content.html.erb (0.5ms)
  Rendered static_pages/index.html.erb within layouts/application (664.5ms)
Completed 200 OK in 1778ms (Views: 1641.2ms | ActiveRecord: 0.0ms)


Started GET "/" for ::1 at 2021-07-29 16:51:56 -0400
Processing by StaticPagesController#index as HTML
  Rendering static_pages/index.html.erb within layouts/application
  Rendered shared/_main_nav.html.erb (0.7ms)
  Rendered shared/_masthead.html.erb (0.5ms)
  Rendered shared/_sections_nav.html.erb (0.3ms)
  Rendered shared/_search_modal.html.erb (0.8ms)
  Rendered shared/_main_content.html.erb (0.6ms)
  Rendered static_pages/index.html.erb within layouts/application (856.0ms)
Completed 200 OK in 4906ms (Views: 4690.4ms | ActiveRecord: 0.0ms)


Started GET "/assets/application.self-10466d90dc27b157dc1a4ccfaeb4be40886edb8f5f01963834ae6cadf6d4198d.css?body=1" for ::1 at 2021-07-29 16:52:01 -0400
Started GET "/" for ::1 at 2021-07-29 16:52:10 -0400
Processing by StaticPagesController#index as HTML
  Rendering static_pages/index.html.erb within layouts/application
  Rendered shared/_main_nav.html.erb (0.8ms)
  Rendered shared/_masthead.html.erb (0.6ms)
  Rendered shared/_sections_nav.html.erb (0.8ms)
  Rendered shared/_search_modal.html.erb (0.6ms)
  Rendered shared/_main_content.html.erb (0.3ms)
  Rendered static_pages/index.html.erb within layouts/application (833.4ms)
Completed 200 OK in 2233ms (Views: 2065.9ms | ActiveRecord: 0.0ms)


Started GET "/" for ::1 at 2021-07-29 16:52:43 -0400
Processing by StaticPagesController#index as HTML
  Rendering static_pages/index.html.erb within layouts/application
  Rendered shared/_main_nav.html.erb (0.5ms)
  Rendered shared/_masthead.html.erb (1.2ms)
  Rendered shared/_sections_nav.html.erb (0.6ms)
  Rendered shared/_search_modal.html.erb (0.4ms)
  Rendered shared/_main_content.html.erb (0.5ms)
  Rendered static_pages/index.html.erb within layouts/application (711.1ms)
Completed 200 OK in 4688ms (Views: 4498.8ms | ActiveRecord: 0.0ms)


Started GET "/assets/application.self-eeb3bc55f6c111958efd2470752f312833d0bcd1717dd6e0a288171baab870c8.css?body=1" for ::1 at 2021-07-29 16:52:48 -0400
Started GET "/" for ::1 at 2021-07-29 16:53:05 -0400
Processing by StaticPagesController#index as HTML
  Rendering static_pages/index.html.erb within layouts/application
  Rendered shared/_main_nav.html.erb (0.6ms)
  Rendered shared/_masthead.html.erb (0.5ms)
  Rendered shared/_sections_nav.html.erb (0.4ms)
  Rendered shared/_search_modal.html.erb (0.4ms)
  Rendered shared/_main_content.html.erb (0.6ms)
  Rendered static_pages/index.html.erb within layouts/application (740.1ms)
Completed 200 OK in 2414ms (Views: 2193.2ms | ActiveRecord: 0.0ms)


Started GET "/assets/application.self-c51e89b2d2db978f493667f78fd9780b35ab50db87899023b24964d50789a07a.css?body=1" for ::1 at 2021-07-29 16:53:07 -0400
Started GET "/" for ::1 at 2021-07-29 16:54:33 -0400
Processing by StaticPagesController#index as HTML
  Rendering static_pages/index.html.erb within layouts/application
  Rendered shared/_main_nav.html.erb (1.9ms)
  Rendered shared/_masthead.html.erb (0.5ms)
  Rendered shared/_sections_nav.html.erb (0.3ms)
  Rendered shared/_search_modal.html.erb (0.4ms)
  Rendered shared/_main_content.html.erb (0.7ms)
  Rendered static_pages/index.html.erb within layouts/application (519.1ms)
Completed 200 OK in 1602ms (Views: 1429.4ms | ActiveRecord: 0.0ms)


Started GET "/" for ::1 at 2021-07-29 16:56:03 -0400
Processing by StaticPagesController#index as HTML
  Rendering static_pages/index.html.erb within layouts/application
  Rendered shared/_main_nav.html.erb (0.4ms)
  Rendered shared/_masthead.html.erb (1.0ms)
  Rendered shared/_sections_nav.html.erb (0.4ms)
  Rendered shared/_search_modal.html.erb (0.5ms)
  Rendered shared/_main_content.html.erb (0.6ms)
  Rendered static_pages/index.html.erb within layouts/application (599.7ms)
Completed 200 OK in 4007ms (Views: 3854.0ms | ActiveRecord: 0.0ms)


Started GET "/assets/application.self-db9980398282334834d31dc84e6c92bd420ef1a428c3212461654d7201957b45.css?body=1" for ::1 at 2021-07-29 16:56:07 -0400
Started GET "/" for ::1 at 2021-07-29 16:57:49 -0400
Processing by StaticPagesController#index as HTML
  Rendering static_pages/index.html.erb within layouts/application
  Rendered shared/_main_nav.html.erb (0.7ms)
  Rendered shared/_masthead.html.erb (0.4ms)
  Rendered shared/_sections_nav.html.erb (0.6ms)
  Rendered shared/_search_modal.html.erb (0.4ms)
  Rendered shared/_main_content.html.erb (0.8ms)
  Rendered static_pages/index.html.erb within layouts/application (622.5ms)
Completed 200 OK in 4021ms (Views: 3835.8ms | ActiveRecord: 0.0ms)


Started GET "/assets/application.self-7bc6104b2b8234972defb3fa36f1a8613b7e14e1fd9e22b1813440eb01ee713c.css?body=1" for ::1 at 2021-07-29 16:57:53 -0400
Started GET "/" for ::1 at 2021-07-29 16:58:42 -0400
Processing by StaticPagesController#index as HTML
  Rendering static_pages/index.html.erb within layouts/application
  Rendered shared/_main_nav.html.erb (0.7ms)
  Rendered shared/_masthead.html.erb (0.4ms)
  Rendered shared/_sections_nav.html.erb (0.5ms)
  Rendered shared/_search_modal.html.erb (0.5ms)
  Rendered shared/_main_content.html.erb (0.4ms)
  Rendered static_pages/index.html.erb within layouts/application (637.4ms)
Completed 200 OK in 3948ms (Views: 3818.6ms | ActiveRecord: 0.0ms)


Started GET "/assets/application.self-9e167d2b89e6c33d5efbce879cba2b99bb00259c8d88186ffb8548763f780083.css?body=1" for ::1 at 2021-07-29 16:58:46 -0400
Started GET "/" for ::1 at 2021-07-29 16:58:58 -0400
Processing by StaticPagesController#index as HTML
  Rendering static_pages/index.html.erb within layouts/application
  Rendered shared/_main_nav.html.erb (0.7ms)
  Rendered shared/_masthead.html.erb (0.4ms)
  Rendered shared/_sections_nav.html.erb (0.6ms)
  Rendered shared/_search_modal.html.erb (0.4ms)
  Rendered shared/_main_content.html.erb (0.7ms)
  Rendered static_pages/index.html.erb within layouts/application (641.3ms)
Completed 200 OK in 4938ms (Views: 4703.3ms | ActiveRecord: 0.0ms)


Started GET "/assets/application.self-cef8a31de01da38dedfc491ccddce6a5ac09794700f571ccf9ac6785eb4aab1c.css?body=1" for ::1 at 2021-07-29 16:59:03 -0400
Started GET "/" for ::1 at 2021-07-29 17:03:15 -0400
Processing by StaticPagesController#index as HTML
  Rendering static_pages/index.html.erb within layouts/application
  Rendered shared/_main_nav.html.erb (0.4ms)
  Rendered shared/_masthead.html.erb (0.5ms)
  Rendered shared/_sections_nav.html.erb (0.6ms)
  Rendered shared/_search_modal.html.erb (1.4ms)
  Rendered shared/_main_content.html.erb (0.5ms)
  Rendered static_pages/index.html.erb within layouts/application (687.7ms)
Completed 200 OK in 3710ms (Views: 3569.0ms | ActiveRecord: 0.0ms)


Started GET "/assets/application.self-ab2fd22408aa208e6b1e2d066e161ebda91bbc65ac3be72cc0b617c251b54f85.css?body=1" for ::1 at 2021-07-29 17:03:19 -0400
Started GET "/" for ::1 at 2021-07-29 17:09:05 -0400
Processing by StaticPagesController#index as HTML
  Rendering static_pages/index.html.erb within layouts/application
  Rendered shared/_main_nav.html.erb (0.4ms)
  Rendered shared/_masthead.html.erb (0.5ms)
  Rendered shared/_sections_nav.html.erb (0.5ms)
  Rendered shared/_search_modal.html.erb (0.5ms)
  Rendered shared/_main_content.html.erb (0.6ms)
  Rendered static_pages/index.html.erb within layouts/application (520.1ms)
Completed 200 OK in 1442ms (Views: 1342.4ms | ActiveRecord: 0.0ms)


Started GET "/" for ::1 at 2021-07-29 17:10:10 -0400
Processing by StaticPagesController#index as HTML
  Rendering static_pages/index.html.erb within layouts/application
  Rendered shared/_main_nav.html.erb (0.5ms)
  Rendered shared/_masthead.html.erb (0.8ms)
  Rendered shared/_sections_nav.html.erb (0.5ms)
  Rendered shared/_search_modal.html.erb (0.7ms)
  Rendered shared/_main_content.html.erb (1.0ms)
  Rendered static_pages/index.html.erb within layouts/application (995.5ms)
Completed 200 OK in 7781ms (Views: 7149.3ms | ActiveRecord: 0.0ms)


Started GET "/assets/application.self-17034b7615fbf138b98254ca542e8965127d5ccc0497fa1f9d0eef93d77fd0cc.css?body=1" for ::1 at 2021-07-29 17:10:19 -0400
Started GET "/" for ::1 at 2021-07-29 17:11:01 -0400
Processing by StaticPagesController#index as HTML
  Rendering static_pages/index.html.erb within layouts/application
  Rendered shared/_main_nav.html.erb (0.5ms)
  Rendered shared/_masthead.html.erb (0.8ms)
  Rendered shared/_sections_nav.html.erb (3.0ms)
  Rendered shared/_search_modal.html.erb (0.5ms)
  Rendered shared/_main_content.html.erb (0.9ms)
  Rendered static_pages/index.html.erb within layouts/application (1015.2ms)
Completed 200 OK in 6331ms (Views: 5813.3ms | ActiveRecord: 0.0ms)


Started GET "/assets/application.self-76ded7b8eb4224777ea298881e825d9cdb2b46c4801daf6cb0b1d74770e732f7.css?body=1" for ::1 at 2021-07-29 17:11:08 -0400
Started GET "/" for ::1 at 2021-07-29 17:12:43 -0400
Processing by StaticPagesController#index as HTML
  Rendering static_pages/index.html.erb within layouts/application
  Rendered shared/_main_nav.html.erb (0.4ms)
  Rendered shared/_masthead.html.erb (0.5ms)
  Rendered shared/_sections_nav.html.erb (0.6ms)
  Rendered shared/_search_modal.html.erb (0.7ms)
  Rendered shared/_main_content.html.erb (0.5ms)
  Rendered static_pages/index.html.erb within layouts/application (817.9ms)
Completed 200 OK in 6428ms (Views: 5978.9ms | ActiveRecord: 0.0ms)


Started GET "/assets/application.self-d3759f84836976fd4cfb6d229dd54bccee74931d5084d58395a0ef3f46e33a8b.css?body=1" for ::1 at 2021-07-29 17:12:50 -0400
Started GET "/" for ::1 at 2021-07-29 17:13:25 -0400
Processing by StaticPagesController#index as HTML
  Rendering static_pages/index.html.erb within layouts/application
  Rendered shared/_main_nav.html.erb (0.5ms)
  Rendered shared/_masthead.html.erb (0.6ms)
  Rendered shared/_sections_nav.html.erb (0.8ms)
  Rendered shared/_search_modal.html.erb (0.9ms)
  Rendered shared/_main_content.html.erb (0.4ms)
  Rendered static_pages/index.html.erb within layouts/application (901.5ms)
Completed 200 OK in 6369ms (Views: 6097.5ms | ActiveRecord: 0.0ms)


Started GET "/assets/application.self-8af12855a59d5c090b903e9bbd2d6517accbe3de79d0dd9b035b4b0ef7b88119.css?body=1" for ::1 at 2021-07-29 17:13:32 -0400
Started GET "/" for ::1 at 2021-07-29 17:21:15 -0400
Processing by StaticPagesController#index as HTML
  Rendering static_pages/index.html.erb within layouts/application
  Rendered shared/_main_nav.html.erb (0.7ms)
  Rendered shared/_masthead.html.erb (0.8ms)
  Rendered shared/_sections_nav.html.erb (0.7ms)
  Rendered shared/_search_modal.html.erb (3.0ms)
  Rendered shared/_main_content.html.erb (0.7ms)
  Rendered static_pages/index.html.erb within layouts/application (1403.5ms)
Completed 200 OK in 10082ms (Views: 9367.0ms | ActiveRecord: 0.0ms)


Started GET "/assets/application.self-a6f7764acc70ca22416bcd1afd92cf7bf70fd53a4221bee1f9897a93c2a5ddc5.css?body=1" for ::1 at 2021-07-29 17:21:26 -0400
Started GET "/" for ::1 at 2021-07-29 17:31:45 -0400
Processing by StaticPagesController#index as HTML
  Rendering static_pages/index.html.erb within layouts/application
  Rendered shared/_main_nav.html.erb (0.7ms)
  Rendered shared/_masthead.html.erb (0.5ms)
  Rendered shared/_sections_nav.html.erb (1.6ms)
  Rendered shared/_search_modal.html.erb (2.1ms)
  Rendered shared/_main_content.html.erb (1.1ms)
  Rendered static_pages/index.html.erb within layouts/application (1191.7ms)
Completed 500 Internal Server Error in 4558ms (ActiveRecord: 0.0ms)



Sass::SyntaxError - Invalid CSS after "...ay: inline-flex": expected "{", was ";":
  app/views/layouts/application.html.erb:7:in `_app_views_layouts_application_html_erb___1127061629017949191_47439145550100'

Started POST "/__better_errors/3aff05aef141f3ad/variables" for ::1 at 2021-07-29 17:31:55 -0400
